2024-08-23 21:52:19,000 - INFO    - keyword:地标
2024-08-23 21:52:19,003 - INFO    - keyword:命名
2024-08-23 21:52:19,004 - INFO    - keyword:声明
2024-08-23 21:52:19,012 - INFO    - keyword:失业
2024-08-23 21:52:19,012 - INFO    - keyword:救济
2024-08-23 21:52:19,014 - INFO    - keyword:劳动力
2024-08-23 21:52:19,014 - INFO    - keyword:时称
2024-08-23 21:52:19,014 - INFO    - keyword:新冠
2024-08-23 21:52:19,014 - INFO    - keyword:蒙大拿州
2024-08-23 21:52:19,015 - INFO    - keyword:南卡罗来纳州
2024-08-23 21:52:19,015 - INFO    - keyword:阿肯色州
2024-08-23 21:52:19,015 - INFO    - keyword:救济金
2024-08-23 21:52:19,036 - INFO    - keyword:波多黎各
2024-08-23 21:52:19,037 - INFO    - keyword:对冲
2024-08-23 21:52:19,037 - INFO    - keyword:基金
2024-08-23 21:52:19,037 - INFO    - keyword:经理
2024-08-23 21:52:19,037 - INFO    - keyword:联邦
2024-08-23 21:52:19,038 - INFO    - keyword:子公司
2024-08-23 21:52:19,039 - INFO    - keyword:税收
2024-08-23 21:52:19,039 - INFO    - keyword:财年
2024-08-23 21:52:19,039 - INFO    - keyword:总部
2024-08-23 21:52:19,039 - INFO    - keyword:管理
2024-08-23 21:52:19,045 - INFO    - keyword:病毒
2024-08-23 21:52:19,046 - INFO    - keyword:印度
2024-08-23 21:52:19,046 - INFO    - keyword:变种
2024-08-23 21:52:19,047 - INFO    - keyword:变异
2024-08-23 21:52:19,047 - INFO    - keyword:世卫
2024-08-23 21:52:19,048 - INFO    - keyword:传播
2024-08-23 21:52:19,048 - INFO    - keyword:疫情
2024-08-23 21:52:19,048 - INFO    - keyword:归类
2024-08-23 21:52:19,049 - INFO    - keyword:英国
2024-08-23 21:52:19,049 - INFO    - keyword:测序
2024-08-23 21:52:19,058 - INFO    - keyword:软件
2024-08-23 21:52:19,058 - INFO    - keyword:燃油
2024-08-23 21:52:19,058 - INFO    - keyword:管道
2024-08-23 21:52:19,059 - INFO    - keyword:国家
2024-08-23 21:52:19,059 - INFO    - keyword:犯罪分子
2024-08-23 21:52:19,059 - INFO    - keyword:供应
2024-08-23 21:52:19,060 - INFO    - keyword:联邦
2024-08-23 21:52:19,060 - INFO    - keyword:公司
2024-08-23 21:52:19,060 - INFO    - keyword:政府
2024-08-23 21:52:19,087 - INFO    - keyword:指数
2024-08-23 21:52:19,088 - INFO    - keyword:收盘
2024-08-23 21:52:19,088 - INFO    - keyword:预期
2024-08-23 21:52:19,088 - INFO    - keyword:欧洲
2024-08-23 21:52:19,088 - INFO    - keyword:经济
2024-08-23 21:52:19,088 - INFO    - keyword:美国
2024-08-23 21:52:19,089 - INFO    - keyword:欧元区
2024-08-23 21:52:19,089 - INFO    - keyword:水平
2024-08-23 21:52:19,089 - INFO    - keyword:新冠
2024-08-23 21:52:19,090 - INFO    - keyword:涨幅
2024-08-23 21:52:19,121 - INFO    - keyword:债券
2024-08-23 21:52:19,121 - INFO    - keyword:发债
2024-08-23 21:52:19,122 - INFO    - keyword:股票
2024-08-23 21:52:19,122 - INFO    - keyword:融资
2024-08-23 21:52:19,122 - INFO    - keyword:股价
2024-08-23 21:52:19,123 - INFO    - keyword:资金
2024-08-23 21:52:19,123 - INFO    - keyword:用途
2024-08-23 21:52:19,123 - INFO    - keyword:规模
2024-08-23 21:52:19,124 - INFO    - keyword:投资
2024-08-23 21:52:19,124 - INFO    - keyword:游艇
2024-08-23 21:52:19,129 - INFO    - keyword:五角大楼
2024-08-23 21:52:19,129 - INFO    - keyword:动议
2024-08-23 21:52:19,130 - INFO    - keyword:项目
2024-08-23 21:52:19,130 - INFO    - keyword:诉讼
2024-08-23 21:52:19,131 - INFO    - keyword:官员
2024-08-23 21:52:19,131 - INFO    - keyword:最新消息
2024-08-23 21:52:19,132 - INFO    - keyword:领导者
2024-08-23 21:52:19,132 - INFO    - keyword:解决方案
2024-08-23 21:52:19,132 - INFO    - keyword:竞争对手
2024-08-23 21:52:19,145 - INFO    - keyword:防疫
2024-08-23 21:52:19,145 - INFO    - keyword:英国首相
2024-08-23 21:52:19,146 - INFO    - keyword:民众
2024-08-23 21:52:19,146 - INFO    - keyword:疫情
2024-08-23 21:52:19,146 - INFO    - keyword:新冠
2024-08-23 21:52:19,147 - INFO    - keyword:措施
2024-08-23 21:52:19,147 - INFO    - keyword:社交
2024-08-23 21:52:19,147 - INFO    - keyword:身体
2024-08-23 21:52:19,148 - INFO    - keyword:聚会
2024-08-23 21:52:19,148 - INFO    - keyword:英格兰
2024-08-23 21:52:19,161 - INFO    - keyword:疫苗
2024-08-23 21:52:19,161 - INFO    - keyword:挪威
2024-08-23 21:52:19,162 - INFO    - keyword:新冠
2024-08-23 21:52:19,162 - INFO    - keyword:公共卫生
2024-08-23 21:52:19,162 - INFO    - keyword:委员会
2024-08-23 21:52:19,163 - INFO    - keyword:专家
2024-08-23 21:52:19,163 - INFO    - keyword:建议
2024-08-23 21:52:19,164 - INFO    - keyword:研究所
2024-08-23 21:52:19,164 - INFO    - keyword:阿斯利康
2024-08-23 21:52:19,164 - INFO    - keyword:负责人
2024-08-23 21:52:19,172 - INFO    - keyword:失业率
2024-08-23 21:52:19,173 - INFO    - keyword:参与率
2024-08-23 21:52:19,173 - INFO    - keyword:劳动力
2024-08-23 21:52:19,173 - INFO    - keyword:文凭者
2024-08-23 21:52:19,174 - INFO    - keyword:工资
2024-08-23 21:52:19,174 - INFO    - keyword:指标
2024-08-23 21:52:19,174 - INFO    - keyword:低薪
2024-08-23 21:52:19,175 - INFO    - keyword:美国
2024-08-23 21:52:19,175 - INFO    - keyword:大学
2024-08-23 21:52:19,175 - INFO    - keyword:报告
2024-08-23 21:52:19,183 - INFO    - keyword:医院
2024-08-23 21:52:19,184 - INFO    - keyword:新冠
2024-08-23 21:52:19,184 - INFO    - keyword:印度
2024-08-23 21:52:19,185 - INFO    - keyword:患者
2024-08-23 21:52:19,185 - INFO    - keyword:原因
2024-08-23 21:52:19,185 - INFO    - keyword:男子
2024-08-23 21:52:19,186 - INFO    - keyword:迪亚
2024-08-23 21:52:19,187 - INFO    - keyword:病毒检测
2024-08-23 21:52:19,187 - INFO    - keyword:警察局
2024-08-23 21:52:19,201 - INFO    - keyword:新冠
2024-08-23 21:52:19,202 - INFO    - keyword:疫苗
2024-08-23 21:52:19,202 - INFO    - keyword:女子
2024-08-23 21:52:19,202 - INFO    - keyword:剂量
2024-08-23 21:52:19,203 - INFO    - keyword:辉瑞
2024-08-23 21:52:19,203 - INFO    - keyword:意大利
2024-08-23 21:52:19,204 - INFO    - keyword:医院
2024-08-23 21:52:19,205 - INFO    - keyword:出院
2024-08-23 21:52:19,205 - INFO    - keyword:专家
2024-08-23 21:52:19,206 - INFO    - keyword:过量
2024-08-23 21:52:19,214 - INFO    - keyword:福岛
2024-08-23 21:52:19,214 - INFO    - keyword:发生爆炸
2024-08-23 21:52:19,215 - INFO    - keyword:化工厂
2024-08-23 21:52:19,216 - INFO    - keyword:日本
2024-08-23 21:52:19,216 - INFO    - keyword:汤本
2024-08-23 21:52:19,217 - INFO    - keyword:爆炸声
2024-08-23 21:52:19,217 - INFO    - keyword:化学工业
2024-08-23 21:52:19,217 - INFO    - keyword:工厂
2024-08-23 21:52:19,237 - INFO    - keyword:福岛
2024-08-23 21:52:19,238 - INFO    - keyword:离岸
2024-08-23 21:52:19,239 - INFO    - keyword:方案
2024-08-23 21:52:19,240 - INFO    - keyword:核电站
2024-08-23 21:52:19,240 - INFO    - keyword:计划
2024-08-23 21:52:19,240 - INFO    - keyword:网友
2024-08-23 21:52:19,241 - INFO    - keyword:污水
2024-08-23 21:52:19,241 - INFO    - keyword:审查
2024-08-23 21:52:19,242 - INFO    - keyword:管道
2024-08-23 21:52:19,242 - INFO    - keyword:取水口
2024-08-23 21:52:19,276 - INFO    - keyword:涟漪
2024-08-23 21:52:19,276 - INFO    - keyword:疫情
2024-08-23 21:52:19,277 - INFO    - keyword:新冠
2024-08-23 21:52:19,277 - INFO    - keyword:死者
2024-08-23 21:52:19,278 - INFO    - keyword:智囊
2024-08-23 21:52:19,278 - INFO    - keyword:日本
2024-08-23 21:52:19,279 - INFO    - keyword:评论
2024-08-23 21:52:19,280 - INFO    - keyword:官房
2024-08-23 21:52:19,280 - INFO    - keyword:生命
2024-08-23 21:52:19,299 - INFO    - keyword:冰球
2024-08-23 21:52:19,299 - INFO    - keyword:普京
2024-08-23 21:52:19,300 - INFO    - keyword:俄罗斯
2024-08-23 21:52:19,300 - INFO    - keyword:比赛
2024-08-23 21:52:19,301 - INFO    - keyword:大赛
2024-08-23 21:52:19,301 - INFO    - keyword:球队
2024-08-23 21:52:19,302 - INFO    - keyword:冠军队
2024-08-23 21:52:19,302 - INFO    - keyword:总统
2024-08-23 21:52:19,302 - INFO    - keyword:球衣
2024-08-23 21:52:19,303 - INFO    - keyword:绍伊古
2024-08-23 21:52:19,326 - INFO    - keyword:东京
2024-08-23 21:52:19,328 - INFO    - keyword:日本
2024-08-23 21:52:19,328 - INFO    - keyword:新冠
2024-08-23 21:52:19,329 - INFO    - keyword:疫情
2024-08-23 21:52:19,329 - INFO    - keyword:民众
2024-08-23 21:52:19,330 - INFO    - keyword:病例
2024-08-23 21:52:19,331 - INFO    - keyword:优先
2024-08-23 21:52:19,332 - INFO    - keyword:观众
2024-08-23 21:52:19,332 - INFO    - keyword:调查
2024-08-23 21:52:19,333 - INFO    - keyword:对象
2024-08-23 21:52:19,341 - INFO    - keyword:病例
2024-08-23 21:52:19,341 - INFO    - keyword:美国
2024-08-23 21:52:19,342 - INFO    - keyword:单日
2024-08-23 21:52:19,342 - INFO    - keyword:战疫
2024-08-23 21:52:19,342 - INFO    - keyword:全时区
2024-08-23 21:52:19,343 - INFO    - keyword:新冠
2024-08-23 21:52:19,344 - INFO    - keyword:肺炎
2024-08-23 21:52:19,344 - INFO    - keyword:统计数据
2024-08-23 21:52:19,376 - INFO    - keyword:韩国
2024-08-23 21:52:19,376 - INFO    - keyword:和平
2024-08-23 21:52:19,377 - INFO    - keyword:疫苗
2024-08-23 21:52:19,377 - INFO    - keyword:新冠
2024-08-23 21:52:19,377 - INFO    - keyword:朝方
2024-08-23 21:52:19,378 - INFO    - keyword:半岛
2024-08-23 21:52:19,378 - INFO    - keyword:肺炎
2024-08-23 21:52:19,378 - INFO    - keyword:韩美
2024-08-23 21:52:19,379 - INFO    - keyword:疫情
2024-08-23 21:52:19,380 - INFO    - keyword:讲话
2024-08-23 21:52:19,388 - INFO    - keyword:新冠
2024-08-23 21:52:19,389 - INFO    - keyword:病例
2024-08-23 21:52:19,389 - INFO    - keyword:肺炎
2024-08-23 21:52:19,390 - INFO    - keyword:美国
2024-08-23 21:52:19,390 - INFO    - keyword:时间
2024-08-23 21:52:19,390 - INFO    - keyword:数据
2024-08-23 21:52:19,391 - INFO    - keyword:北京
2024-08-23 21:52:19,391 - INFO    - keyword:记者
2024-08-23 21:52:19,416 - INFO    - keyword:粉丝
2024-08-23 21:52:19,417 - INFO    - keyword:声乐
2024-08-23 21:52:19,418 - INFO    - keyword:西班牙
2024-08-23 21:52:19,418 - INFO    - keyword:买方
2024-08-23 21:52:19,418 - INFO    - keyword:唱歌
2024-08-23 21:52:19,419 - INFO    - keyword:成网
2024-08-23 21:52:19,419 - INFO    - keyword:老师
2024-08-23 21:52:19,419 - INFO    - keyword:媒体
2024-08-23 21:52:19,420 - INFO    - keyword:房子
2024-08-23 21:52:19,421 - INFO    - keyword:网红
2024-08-23 21:52:19,444 - INFO    - keyword:公职人员
2024-08-23 21:52:19,444 - INFO    - keyword:韩国
2024-08-23 21:52:19,445 - INFO    - keyword:调查
2024-08-23 21:52:19,446 - INFO    - keyword:投机
2024-08-23 21:52:19,446 - INFO    - keyword:房被
2024-08-23 21:52:19,447 - INFO    - keyword:住宅
2024-08-23 21:52:19,447 - INFO    - keyword:案件
2024-08-23 21:52:19,448 - INFO    - keyword:国会议员
2024-08-23 21:52:19,449 - INFO    - keyword:公务员
2024-08-23 21:52:19,449 - INFO    - keyword:土地
2024-08-23 21:52:19,483 - INFO    - keyword:霉菌病
2024-08-23 21:52:19,484 - INFO    - keyword:新冠
2024-08-23 21:52:19,484 - INFO    - keyword:患者
2024-08-23 21:52:19,484 - INFO    - keyword:印度
2024-08-23 21:52:19,485 - INFO    - keyword:疫情
2024-08-23 21:52:19,485 - INFO    - keyword:真菌
2024-08-23 21:52:19,486 - INFO    - keyword:肺炎
2024-08-23 21:52:19,486 - INFO    - keyword:疾病
2024-08-23 21:52:19,486 - INFO    - keyword:鼻窦
2024-08-23 21:52:19,487 - INFO    - keyword:类固醇
2024-08-23 21:52:19,493 - INFO    - keyword:南非
2024-08-23 21:52:19,493 - INFO    - keyword:新冠
2024-08-23 21:52:19,494 - INFO    - keyword:病例
2024-08-23 21:52:19,494 - INFO    - keyword:肺炎
2024-08-23 21:52:19,494 - INFO    - keyword:检测
2024-08-23 21:52:19,495 - INFO    - keyword:例原
2024-08-23 21:52:19,495 - INFO    - keyword:总台
2024-08-23 21:52:19,496 - INFO    - keyword:全国
2024-08-23 21:52:19,501 - INFO    - keyword:南非
2024-08-23 21:52:19,502 - INFO    - keyword:电子
2024-08-23 21:52:19,502 - INFO    - keyword:国家
2024-08-23 21:52:19,503 - INFO    - keyword:过程
2024-08-23 21:52:19,503 - INFO    - keyword:总台
2024-08-23 21:52:19,504 - INFO    - keyword:风险
2024-08-23 21:52:19,504 - INFO    - keyword:喀麦隆
2024-08-23 21:52:19,504 - INFO    - keyword:核酸
2024-08-23 21:52:19,505 - INFO    - keyword:内向
2024-08-23 21:52:19,509 - INFO    - keyword:阿克萨清真寺
2024-08-23 21:52:19,509 - INFO    - keyword:以色列
2024-08-23 21:52:19,509 - INFO    - keyword:土耳其
2024-08-23 21:52:19,510 - INFO    - keyword:巴勒斯坦
2024-08-23 21:52:19,510 - INFO    - keyword:声明
2024-08-23 21:52:19,510 - INFO    - keyword:刑事法庭
2024-08-23 21:52:19,511 - INFO    - keyword:闪光弹
2024-08-23 21:52:19,511 - INFO    - keyword:事件
2024-08-23 21:52:19,516 - INFO    - keyword:新冠
2024-08-23 21:52:19,516 - INFO    - keyword:病例
2024-08-23 21:52:19,517 - INFO    - keyword:肺炎
2024-08-23 21:52:19,517 - INFO    - keyword:世卫
2024-08-23 21:52:19,518 - INFO    - keyword:全球
2024-08-23 21:52:19,518 - INFO    - keyword:夏令时间
2024-08-23 21:52:19,518 - INFO    - keyword:总台
2024-08-23 21:52:19,518 - INFO    - keyword:统计数据
2024-08-23 21:52:19,547 - INFO    - keyword:管道
2024-08-23 21:52:19,548 - INFO    - keyword:美国
2024-08-23 21:52:19,548 - INFO    - keyword:基础设施
2024-08-23 21:52:19,548 - INFO    - keyword:管线
2024-08-23 21:52:19,549 - INFO    - keyword:网络
2024-08-23 21:52:19,550 - INFO    - keyword:运输
2024-08-23 21:52:19,550 - INFO    - keyword:公司
2024-08-23 21:52:19,550 - INFO    - keyword:网络安全
2024-08-23 21:52:19,551 - INFO    - keyword:脆弱性
2024-08-23 21:52:19,551 - INFO    - keyword:汽油
2024-08-23 21:52:19,559 - INFO    - keyword:世卫
2024-08-23 21:52:19,560 - INFO    - keyword:新冠
2024-08-23 21:52:19,560 - INFO    - keyword:病例
2024-08-23 21:52:19,560 - INFO    - keyword:肺炎
2024-08-23 21:52:19,561 - INFO    - keyword:人数
2024-08-23 21:52:19,561 - INFO    - keyword:德塞
2024-08-23 21:52:19,561 - INFO    - keyword:全球
2024-08-23 21:52:19,562 - INFO    - keyword:疫情
2024-08-23 21:52:19,562 - INFO    - keyword:总台
2024-08-23 21:52:19,578 - INFO    - keyword:秘鲁
2024-08-23 21:52:19,578 - INFO    - keyword:民调
2024-08-23 21:52:19,578 - INFO    - keyword:总统
2024-08-23 21:52:19,579 - INFO    - keyword:支持率
2024-08-23 21:52:19,579 - INFO    - keyword:庆子
2024-08-23 21:52:19,579 - INFO    - keyword:候选人
2024-08-23 21:52:19,580 - INFO    - keyword:差距
2024-08-23 21:52:19,581 - INFO    - keyword:支持者
2024-08-23 21:52:19,582 - INFO    - keyword:数据误差
2024-08-23 21:52:19,583 - INFO    - keyword:农村
2024-08-23 21:52:19,588 - INFO    - keyword:议会选举
2024-08-23 21:52:19,589 - INFO    - keyword:亚美尼亚
2024-08-23 21:52:19,589 - INFO    - keyword:总统
2024-08-23 21:52:19,590 - INFO    - keyword:命令
2024-08-23 21:52:19,590 - INFO    - keyword:议会
2024-08-23 21:52:19,590 - INFO    - keyword:总理
2024-08-23 21:52:19,591 - INFO    - keyword:基相
2024-08-23 21:52:19,591 - INFO    - keyword:总台
2024-08-23 21:52:19,591 - INFO    - keyword:政治派别
2024-08-23 21:52:19,598 - INFO    - keyword:新冠
2024-08-23 21:52:19,599 - INFO    - keyword:病例
2024-08-23 21:52:19,599 - INFO    - keyword:瑞士
2024-08-23 21:52:19,599 - INFO    - keyword:肺炎
2024-08-23 21:52:19,600 - INFO    - keyword:列支敦士登
2024-08-23 21:52:19,600 - INFO    - keyword:数据
2024-08-23 21:52:19,601 - INFO    - keyword:疫情
2024-08-23 21:52:19,601 - INFO    - keyword:列支敦士登公国
2024-08-23 21:52:19,601 - INFO    - keyword:例原
2024-08-23 21:52:19,605 - INFO    - keyword:耶路撒冷
2024-08-23 21:52:19,605 - INFO    - keyword:外交人员
2024-08-23 21:52:19,605 - INFO    - keyword:老城
2024-08-23 21:52:19,606 - INFO    - keyword:禁令
2024-08-23 21:52:19,606 - INFO    - keyword:东耶路撒冷
2024-08-23 21:52:19,606 - INFO    - keyword:总台
2024-08-23 21:52:19,607 - INFO    - keyword:大使馆
2024-08-23 21:52:19,607 - INFO    - keyword:市中心
2024-08-23 21:52:19,607 - INFO    - keyword:以色列
2024-08-23 21:52:19,611 - INFO    - keyword:爆炸物
2024-08-23 21:52:19,612 - INFO    - keyword:多国联军
2024-08-23 21:52:19,612 - INFO    - keyword:防空
2024-08-23 21:52:19,613 - INFO    - keyword:通告
2024-08-23 21:52:19,613 - INFO    - keyword:部队
2024-08-23 21:52:19,613 - INFO    - keyword:机场
2024-08-23 21:52:19,613 - INFO    - keyword:总台
2024-08-23 21:52:19,613 - INFO    - keyword:必要措施
2024-08-23 21:52:19,614 - INFO    - keyword:大巴
2024-08-23 21:52:19,618 - INFO    - keyword:新冠
2024-08-23 21:52:19,619 - INFO    - keyword:病例
2024-08-23 21:52:19,619 - INFO    - keyword:肺炎
2024-08-23 21:52:19,630 - INFO    - keyword:英国
2024-08-23 21:52:19,631 - INFO    - keyword:例原
2024-08-23 21:52:19,631 - INFO    - keyword:总台
2024-08-23 21:52:19,632 - INFO    - keyword:小时
2024-08-23 21:52:19,632 - INFO    - keyword:数据
2024-08-23 21:52:19,636 - INFO    - keyword:涉资
2024-08-23 21:52:19,636 - INFO    - keyword:决议案
2024-08-23 21:52:19,636 - INFO    - keyword:太平
2024-08-23 21:52:19,637 - INFO    - keyword:数目
2024-08-23 21:52:19,637 - INFO    - keyword:股份
2024-08-23 21:52:19,637 - INFO    - keyword:证券
2024-08-23 21:52:19,642 - INFO    - keyword:涉资
2024-08-23 21:52:19,643 - INFO    - keyword:决议案
2024-08-23 21:52:19,643 - INFO    - keyword:数目
2024-08-23 21:52:19,644 - INFO    - keyword:集团
2024-08-23 21:52:19,644 - INFO    - keyword:股份
2024-08-23 21:52:19,644 - INFO    - keyword:证券
2024-08-23 21:52:19,648 - INFO    - keyword:铜业
2024-08-23 21:52:19,649 - INFO    - keyword:紫金
2024-08-23 21:52:19,649 - INFO    - keyword:矿业
2024-08-23 21:52:19,650 - INFO    - keyword:有色
2024-08-23 21:52:19,650 - INFO    - keyword:江西
2024-08-23 21:52:19,650 - INFO    - keyword:高位
2024-08-23 21:52:19,650 - INFO    - keyword:钼业
2024-08-23 21:52:19,651 - INFO    - keyword:金矿业
2024-08-23 21:52:19,652 - INFO    - keyword:调整
2024-08-23 21:52:19,657 - INFO    - keyword:交易
2024-08-23 21:52:19,658 - INFO    - keyword:违规
2024-08-23 21:52:19,658 - INFO    - keyword:客户
2024-08-23 21:52:19,658 - INFO    - keyword:线索
2024-08-23 21:52:19,659 - INFO    - keyword:监管
2024-08-23 21:52:19,660 - INFO    - keyword:措施
2024-08-23 21:52:19,660 - INFO    - keyword:市场
2024-08-23 21:52:19,660 - INFO    - keyword:会员单位
2024-08-23 21:52:19,660 - INFO    - keyword:期货交易
2024-08-23 21:52:19,666 - INFO    - keyword:列管
2024-08-23 21:52:19,667 - INFO    - keyword:大麻
2024-08-23 21:52:19,667 - INFO    - keyword:类物质
2024-08-23 21:52:19,667 - INFO    - keyword:物质
2024-08-23 21:52:19,667 - INFO    - keyword:酮类
2024-08-23 21:52:19,668 - INFO    - keyword:国家
2024-08-23 21:52:19,668 - INFO    - keyword:素类
2024-08-23 21:52:19,668 - INFO    - keyword:氟胺酮
2024-08-23 21:52:19,669 - INFO    - keyword:精神
2024-08-23 21:52:19,700 - INFO    - keyword:屁股
2024-08-23 21:52:19,700 - INFO    - keyword:海绵
2024-08-23 21:52:19,700 - INFO    - keyword:分支
2024-08-23 21:52:19,701 - INFO    - keyword:蠕虫
2024-08-23 21:52:19,701 - INFO    - keyword:阿瓜
2024-08-23 21:52:19,701 - INFO    - keyword:生物
2024-08-23 21:52:19,702 - INFO    - keyword:身体
2024-08-23 21:52:19,702 - INFO    - keyword:肛门
2024-08-23 21:52:19,702 - INFO    - keyword:生殖
2024-08-23 21:52:19,703 - INFO    - keyword:研究
2024-08-23 21:52:19,705 - INFO    - keyword:猪肉
2024-08-23 21:52:19,706 - INFO    - keyword:价格
2024-08-23 21:52:19,706 - INFO    - keyword:物价
2024-08-23 21:52:19,707 - INFO    - keyword:降幅
2024-08-23 21:52:19,707 - INFO    - keyword:总体
2024-08-23 21:52:19,707 - INFO    - keyword:消费
2024-08-23 21:52:19,708 - INFO    - keyword:月份
2024-08-23 21:52:19,711 - INFO    - keyword:涉资
2024-08-23 21:52:19,711 - INFO    - keyword:决议案
2024-08-23 21:52:19,712 - INFO    - keyword:数目
2024-08-23 21:52:19,712 - INFO    - keyword:飞机
2024-08-23 21:52:19,712 - INFO    - keyword:中国
2024-08-23 21:52:19,713 - INFO    - keyword:股份
2024-08-23 21:52:19,713 - INFO    - keyword:证券
2024-08-23 21:52:19,728 - INFO    - keyword:福岛
2024-08-23 21:52:19,729 - INFO    - keyword:离岸
2024-08-23 21:52:19,729 - INFO    - keyword:方案
2024-08-23 21:52:19,730 - INFO    - keyword:核电站
2024-08-23 21:52:19,730 - INFO    - keyword:计划
2024-08-23 21:52:19,730 - INFO    - keyword:网友
2024-08-23 21:52:19,731 - INFO    - keyword:污水
2024-08-23 21:52:19,731 - INFO    - keyword:审查
2024-08-23 21:52:19,731 - INFO    - keyword:管道
2024-08-23 21:52:19,732 - INFO    - keyword:取水口
2024-08-23 21:52:19,749 - INFO    - keyword:消保委
2024-08-23 21:52:19,749 - INFO    - keyword:消保
2024-08-23 21:52:19,750 - INFO    - keyword:上海市
2024-08-23 21:52:19,750 - INFO    - keyword:身家
2024-08-23 21:52:19,750 - INFO    - keyword:平台
2024-08-23 21:52:19,751 - INFO    - keyword:消息
2024-08-23 21:52:19,751 - INFO    - keyword:创始人
2024-08-23 21:52:19,751 - INFO    - keyword:市值
2024-08-23 21:52:19,752 - INFO    - keyword:消费者
2024-08-23 21:52:19,755 - INFO    - keyword:价格下降
2024-08-23 21:52:19,755 - INFO    - keyword:食品
2024-08-23 21:52:19,755 - INFO    - keyword:居民消费
2024-08-23 21:52:19,756 - INFO    - keyword:消费品
2024-08-23 21:52:19,756 - INFO    - keyword:全国
2024-08-23 21:52:19,756 - INFO    - keyword:农村
2024-08-23 21:52:19,757 - INFO    - keyword:服务
2024-08-23 21:52:19,757 - INFO    - keyword:城市
2024-08-23 21:52:19,757 - INFO    - keyword:月份
2024-08-23 21:52:19,781 - INFO    - keyword:正泰
2024-08-23 21:52:19,781 - INFO    - keyword:品牌
2024-08-23 21:52:19,782 - INFO    - keyword:中国
2024-08-23 21:52:19,782 - INFO    - keyword:数字
2024-08-23 21:52:19,782 - INFO    - keyword:数智
2024-08-23 21:52:19,783 - INFO    - keyword:绿色
2024-08-23 21:52:19,783 - INFO    - keyword:数字化
2024-08-23 21:52:19,783 - INFO    - keyword:机遇
2024-08-23 21:52:19,783 - INFO    - keyword:发展
2024-08-23 21:52:19,784 - INFO    - keyword:升级
2024-08-23 21:52:19,794 - INFO    - keyword:伊朗
2024-08-23 21:52:19,795 - INFO    - keyword:船只
2024-08-23 21:52:19,795 - INFO    - keyword:警告
2024-08-23 21:52:19,795 - INFO    - keyword:霍尔木兹海峡
2024-08-23 21:52:19,796 - INFO    - keyword:快艇
2024-08-23 21:52:19,796 - INFO    - keyword:卫队
2024-08-23 21:52:19,796 - INFO    - keyword:伊斯兰
2024-08-23 21:52:19,797 - INFO    - keyword:鸣枪
2024-08-23 21:52:19,797 - INFO    - keyword:美国
2024-08-23 21:52:19,797 - INFO    - keyword:警卫队
2024-08-23 21:52:19,811 - INFO    - keyword:价格
2024-08-23 21:52:19,811 - INFO    - keyword:狗狗
2024-08-23 21:52:19,812 - INFO    - keyword:市值
2024-08-23 21:52:19,812 - INFO    - keyword:币圈
2024-08-23 21:52:19,812 - INFO    - keyword:黄金
2024-08-23 21:52:19,813 - INFO    - keyword:投资界
2024-08-23 21:52:19,813 - INFO    - keyword:以太
2024-08-23 21:52:19,814 - INFO    - keyword:全网
2024-08-23 21:52:19,814 - INFO    - keyword:冰火
2024-08-23 21:52:19,814 - INFO    - keyword:差点
2024-08-23 21:52:19,817 - INFO    - keyword:涉资
2024-08-23 21:52:19,817 - INFO    - keyword:决议案
2024-08-23 21:52:19,817 - INFO    - keyword:数目
2024-08-23 21:52:19,817 - INFO    - keyword:建筑
2024-08-23 21:52:19,818 - INFO    - keyword:国际
2024-08-23 21:52:19,818 - INFO    - keyword:中国
2024-08-23 21:52:19,819 - INFO    - keyword:股份
2024-08-23 21:52:19,819 - INFO    - keyword:证券
2024-08-23 21:52:19,829 - INFO    - keyword:价格下降
2024-08-23 21:52:19,830 - INFO    - keyword:价格
2024-08-23 21:52:19,830 - INFO    - keyword:影响
2024-08-23 21:52:19,831 - INFO    - keyword:食品
2024-08-23 21:52:19,831 - INFO    - keyword:服务
2024-08-23 21:52:19,831 - INFO    - keyword:居民消费
2024-08-23 21:52:19,832 - INFO    - keyword:猪肉
2024-08-23 21:52:19,832 - INFO    - keyword:月份
2024-08-23 21:52:19,832 - INFO    - keyword:鲜菜
2024-08-23 21:52:19,833 - INFO    - keyword:文化娱乐
2024-08-23 21:52:19,852 - INFO    - keyword:母亲
2024-08-23 21:52:19,852 - INFO    - keyword:礼物
2024-08-23 21:52:19,853 - INFO    - keyword:习俗
2024-08-23 21:52:19,853 - INFO    - keyword:国家
2024-08-23 21:52:19,854 - INFO    - keyword:爱意
2024-08-23 21:52:19,854 - INFO    - keyword:中非
2024-08-23 21:52:19,855 - INFO    - keyword:受访者
2024-08-23 21:52:19,855 - INFO    - keyword:鲜花
2024-08-23 21:52:19,856 - INFO    - keyword:南美
2024-08-23 21:52:19,856 - INFO    - keyword:商品
2024-08-23 21:52:19,861 - INFO    - keyword:涉资
2024-08-23 21:52:19,861 - INFO    - keyword:决议案
2024-08-23 21:52:19,862 - INFO    - keyword:数目
2024-08-23 21:52:19,862 - INFO    - keyword:资本
2024-08-23 21:52:19,862 - INFO    - keyword:股份
2024-08-23 21:52:19,863 - INFO    - keyword:证券
2024-08-23 21:52:19,868 - INFO    - keyword:监察
2024-08-23 21:52:19,868 - INFO    - keyword:纪律
2024-08-23 21:52:19,868 - INFO    - keyword:审查
2024-08-23 21:52:19,869 - INFO    - keyword:监委
2024-08-23 21:52:19,869 - INFO    - keyword:查原
2024-08-23 21:52:19,870 - INFO    - keyword:总台
2024-08-23 21:52:19,870 - INFO    - keyword:调查
2024-08-23 21:52:19,870 - INFO    - keyword:违纪
2024-08-23 21:52:19,871 - INFO    - keyword:党组
2024-08-23 21:52:19,884 - INFO    - keyword:债券
2024-08-23 21:52:19,884 - INFO    - keyword:员工
2024-08-23 21:52:19,885 - INFO    - keyword:公司
2024-08-23 21:52:19,885 - INFO    - keyword:项目
2024-08-23 21:52:19,886 - INFO    - keyword:绿色
2024-08-23 21:52:19,886 - INFO    - keyword:新冠
2024-08-23 21:52:19,886 - INFO    - keyword:融资
2024-08-23 21:52:19,886 - INFO    - keyword:事业
2024-08-23 21:52:19,887 - INFO    - keyword:建筑
2024-08-23 21:52:19,887 - INFO    - keyword:疫情
2024-08-23 21:52:19,890 - INFO    - keyword:感染者
2024-08-23 21:52:19,891 - INFO    - keyword:病例
2024-08-23 21:52:19,891 - INFO    - keyword:浙江
2024-08-23 21:52:19,891 - INFO    - keyword:德国
2024-08-23 21:52:19,892 - INFO    - keyword:排查
2024-08-23 21:52:19,892 - INFO    - keyword:浙江省
2024-08-23 21:52:19,893 - INFO    - keyword:报告
2024-08-23 21:52:19,893 - INFO    - keyword:消息
2024-08-23 21:52:19,910 - INFO    - keyword:光驱
2024-08-23 21:52:19,910 - INFO    - keyword:缺货
2024-08-23 21:52:19,911 - INFO    - keyword:游戏
2024-08-23 21:52:19,911 - INFO    - keyword:售价
2024-08-23 21:52:19,911 - INFO    - keyword:玩家
2024-08-23 21:52:19,912 - INFO    - keyword:首销
2024-08-23 21:52:19,912 - INFO    - keyword:版本
2024-08-23 21:52:19,912 - INFO    - keyword:数字
2024-08-23 21:52:19,912 - INFO    - keyword:预售
2024-08-23 21:52:19,913 - INFO    - keyword:半导体
2024-08-23 21:52:19,918 - INFO    - keyword:创展
2024-08-23 21:52:19,919 - INFO    - keyword:涉资
2024-08-23 21:52:19,919 - INFO    - keyword:决议案
2024-08-23 21:52:19,919 - INFO    - keyword:数目
2024-08-23 21:52:19,920 - INFO    - keyword:集团
2024-08-23 21:52:19,920 - INFO    - keyword:股份
2024-08-23 21:52:19,921 - INFO    - keyword:证券
2024-08-23 21:52:19,926 - INFO    - keyword:病例
2024-08-23 21:52:19,927 - INFO    - keyword:湖南省
2024-08-23 21:52:19,927 - INFO    - keyword:医学观察
2024-08-23 21:52:19,927 - INFO    - keyword:肺炎
2024-08-23 21:52:19,928 - INFO    - keyword:报告
2024-08-23 21:52:19,928 - INFO    - keyword:例原
2024-08-23 21:52:19,929 - INFO    - keyword:例据
2024-08-23 21:52:19,929 - INFO    - keyword:感染者
2024-08-23 21:52:19,930 - INFO    - keyword:住院治疗
2024-08-23 21:52:19,933 - INFO    - keyword:涉资
2024-08-23 21:52:19,934 - INFO    - keyword:决议案
2024-08-23 21:52:19,934 - INFO    - keyword:数目
2024-08-23 21:52:19,934 - INFO    - keyword:股份
2024-08-23 21:52:19,935 - INFO    - keyword:证券
2024-08-23 21:52:19,944 - INFO    - keyword:小米
2024-08-23 21:52:19,945 - INFO    - keyword:耳机
2024-08-23 21:52:19,946 - INFO    - keyword:苹果
2024-08-23 21:52:19,946 - INFO    - keyword:体验
2024-08-23 21:52:19,946 - INFO    - keyword:设计
2024-08-23 21:52:19,947 - INFO    - keyword:质感
2024-08-23 21:52:19,947 - INFO    - keyword:产品
2024-08-23 21:52:19,948 - INFO    - keyword:外壳
2024-08-23 21:52:19,948 - INFO    - keyword:厂商
2024-08-23 21:52:19,948 - INFO    - keyword:官方
2024-08-23 21:52:19,953 - INFO    - keyword:认购价
2024-08-23 21:52:19,954 - INFO    - keyword:创业
2024-08-23 21:52:19,954 - INFO    - keyword:款项
2024-08-23 21:52:19,955 - INFO    - keyword:集团
2024-08-23 21:52:19,955 - INFO    - keyword:股份
2024-08-23 21:52:19,956 - INFO    - keyword:事项
2024-08-23 21:52:19,956 - INFO    - keyword:总筹
2024-08-23 21:52:19,956 - INFO    - keyword:所报
2024-08-23 21:52:19,957 - INFO    - keyword:协议
2024-08-23 21:52:19,964 - INFO    - keyword:教育
2024-08-23 21:52:19,964 - INFO    - keyword:条例
2024-08-23 21:52:19,965 - INFO    - keyword:民办
2024-08-23 21:52:19,965 - INFO    - keyword:落地
2024-08-23 21:52:19,967 - INFO    - keyword:集体
2024-08-23 21:52:19,967 - INFO    - keyword:营利性
2024-08-23 21:52:19,968 - INFO    - keyword:成实
2024-08-23 21:52:19,968 - INFO    - keyword:高教
2024-08-23 21:52:19,969 - INFO    - keyword:枫叶
2024-08-23 21:52:19,987 - INFO    - keyword:摄像头
2024-08-23 21:52:19,987 - INFO    - keyword:预估
2024-08-23 21:52:19,988 - INFO    - keyword:像素
2024-08-23 21:52:19,988 - INFO    - keyword:数码
2024-08-23 21:52:19,989 - INFO    - keyword:三星
2024-08-23 21:52:19,989 - INFO    - keyword:售价
2024-08-23 21:52:19,989 - INFO    - keyword:芯片组
2024-08-23 21:52:19,990 - INFO    - keyword:插孔
2024-08-23 21:52:19,990 - INFO    - keyword:手机
2024-08-23 21:52:19,991 - INFO    - keyword:真机谍
2024-08-23 21:52:20,020 - INFO    - keyword:疫苗
2024-08-23 21:52:20,021 - INFO    - keyword:新冠
2024-08-23 21:52:20,021 - INFO    - keyword:新加坡
2024-08-23 21:52:20,022 - INFO    - keyword:复星
2024-08-23 21:52:20,022 - INFO    - keyword:工厂
2024-08-23 21:52:20,022 - INFO    - keyword:生产
2024-08-23 21:52:20,023 - INFO    - keyword:医药产业
2024-08-23 21:52:20,023 - INFO    - keyword:设施
2024-08-23 21:52:20,023 - INFO    - keyword:合资
2024-08-23 21:52:20,024 - INFO    - keyword:总部
2024-08-23 21:52:20,030 - INFO    - keyword:病例
2024-08-23 21:52:20,030 - INFO    - keyword:出院
2024-08-23 21:52:20,031 - INFO    - keyword:医学观察
2024-08-23 21:52:20,031 - INFO    - keyword:疑似病例
2024-08-23 21:52:20,032 - INFO    - keyword:直辖市
2024-08-23 21:52:20,033 - INFO    - keyword:重症
2024-08-23 21:52:20,033 - INFO    - keyword:自治区
2024-08-23 21:52:20,034 - INFO    - keyword:报告
2024-08-23 21:52:20,034 - INFO    - keyword:感染者
2024-08-23 21:52:20,038 - INFO    - keyword:病例
2024-08-23 21:52:20,039 - INFO    - keyword:感染者
2024-08-23 21:52:20,039 - INFO    - keyword:疑似病例
2024-08-23 21:52:20,039 - INFO    - keyword:山东
2024-08-23 21:52:20,040 - INFO    - keyword:出院
2024-08-23 21:52:20,040 - INFO    - keyword:报告
2024-08-23 21:52:20,040 - INFO    - keyword:全省
2024-08-23 21:52:20,041 - INFO    - keyword:例原
2024-08-23 21:52:20,041 - INFO    - keyword:青岛市
2024-08-23 21:52:20,055 - INFO    - keyword:互联网
2024-08-23 21:52:20,055 - INFO    - keyword:医疗
2024-08-23 21:52:20,056 - INFO    - keyword:医院
2024-08-23 21:52:20,056 - INFO    - keyword:机构
2024-08-23 21:52:20,056 - INFO    - keyword:病防治
2024-08-23 21:52:20,057 - INFO    - keyword:研报
2024-08-23 21:52:20,057 - INFO    - keyword:挖掘潜力
2024-08-23 21:52:20,058 - INFO    - keyword:委医
2024-08-23 21:52:20,058 - INFO    - keyword:医管局
2024-08-23 21:52:20,058 - INFO    - keyword:品牌化
2024-08-23 21:52:20,066 - INFO    - keyword:疑似病例
2024-08-23 21:52:20,067 - INFO    - keyword:内蒙古自治区
2024-08-23 21:52:20,067 - INFO    - keyword:疫情
2024-08-23 21:52:20,068 - INFO    - keyword:病例
2024-08-23 21:52:20,068 - INFO    - keyword:内蒙古
2024-08-23 21:52:20,068 - INFO    - keyword:医学观察
2024-08-23 21:52:20,069 - INFO    - keyword:例原
2024-08-23 21:52:20,069 - INFO    - keyword:新冠
2024-08-23 21:52:20,069 - INFO    - keyword:皇利华
2024-08-23 21:52:20,072 - INFO    - keyword:列管
2024-08-23 21:52:20,073 - INFO    - keyword:类物质
2024-08-23 21:52:20,073 - INFO    - keyword:大麻
2024-08-23 21:52:20,073 - INFO    - keyword:氟胺酮
2024-08-23 21:52:20,074 - INFO    - keyword:国家
2024-08-23 21:52:20,074 - INFO    - keyword:通报
2024-08-23 21:52:20,074 - INFO    - keyword:发布会
2024-08-23 21:52:20,075 - INFO    - keyword:新闻
2024-08-23 21:52:20,075 - INFO    - keyword:物质
2024-08-23 21:52:20,088 - INFO    - keyword:病例
2024-08-23 21:52:20,088 - INFO    - keyword:症状
2024-08-23 21:52:20,088 - INFO    - keyword:影像学
2024-08-23 21:52:20,089 - INFO    - keyword:中国籍
2024-08-23 21:52:20,089 - INFO    - keyword:流行病学
2024-08-23 21:52:20,089 - INFO    - keyword:肺炎
2024-08-23 21:52:20,090 - INFO    - keyword:实验室
2024-08-23 21:52:20,090 - INFO    - keyword:临床
2024-08-23 21:52:20,090 - INFO    - keyword:检测
2024-08-23 21:52:20,091 - INFO    - keyword:出院
2024-08-23 21:52:20,098 - INFO    - keyword:净额
2024-08-23 21:52:20,099 - INFO    - keyword:医药
2024-08-23 21:52:20,099 - INFO    - keyword:亏损
2024-08-23 21:52:20,099 - INFO    - keyword:销售收入
2024-08-23 21:52:20,100 - INFO    - keyword:净亏损
2024-08-23 21:52:20,100 - INFO    - keyword:净收入
2024-08-23 21:52:20,101 - INFO    - keyword:费用
2024-08-23 21:52:20,101 - INFO    - keyword:市值
2024-08-23 21:52:20,101 - INFO    - keyword:战略
2024-08-23 21:52:20,120 - INFO    - keyword:用户
2024-08-23 21:52:20,121 - INFO    - keyword:巴斯
2024-08-23 21:52:20,121 - INFO    - keyword:游戏
2024-08-23 21:52:20,122 - INFO    - keyword:平台
2024-08-23 21:52:20,122 - INFO    - keyword:活跃
2024-08-23 21:52:20,122 - INFO    - keyword:粘性
2024-08-23 21:52:20,123 - INFO    - keyword:股价
2024-08-23 21:52:20,123 - INFO    - keyword:员工
2024-08-23 21:52:20,123 - INFO    - keyword:公司
2024-08-23 21:52:20,124 - INFO    - keyword:时间
2024-08-23 21:52:20,138 - INFO    - keyword:白酒
2024-08-23 21:52:20,138 - INFO    - keyword:价格指数
2024-08-23 21:52:20,138 - INFO    - keyword:青稞酒
2024-08-23 21:52:20,139 - INFO    - keyword:酒业
2024-08-23 21:52:20,139 - INFO    - keyword:设备
2024-08-23 21:52:20,139 - INFO    - keyword:疫情
2024-08-23 21:52:20,140 - INFO    - keyword:制药
2024-08-23 21:52:20,140 - INFO    - keyword:直线
2024-08-23 21:52:20,140 - INFO    - keyword:景气
2024-08-23 21:52:20,141 - INFO    - keyword:全球
2024-08-23 21:52:20,152 - INFO    - keyword:小米
2024-08-23 21:52:20,153 - INFO    - keyword:机型
2024-08-23 21:52:20,153 - INFO    - keyword:爆料
2024-08-23 21:52:20,154 - INFO    - keyword:名单
2024-08-23 21:52:20,154 - INFO    - keyword:用户
2024-08-23 21:52:20,155 - INFO    - keyword:升级
2024-08-23 21:52:20,155 - INFO    - keyword:心塞
2024-08-23 21:52:20,155 - INFO    - keyword:众测
2024-08-23 21:52:20,155 - INFO    - keyword:屏下
2024-08-23 21:52:20,156 - INFO    - keyword:客户端
2024-08-23 21:52:20,161 - INFO    - keyword:病例
2024-08-23 21:52:20,161 - INFO    - keyword:出院
2024-08-23 21:52:20,161 - INFO    - keyword:云南省
2024-08-23 21:52:20,161 - INFO    - keyword:本土
2024-08-23 21:52:20,162 - INFO    - keyword:感染者
2024-08-23 21:52:20,162 - INFO    - keyword:云南
2024-08-23 21:52:20,162 - INFO    - keyword:医学观察
2024-08-23 21:52:20,163 - INFO    - keyword:例原
2024-08-23 21:52:20,163 - INFO    - keyword:例据
2024-08-23 21:52:20,169 - INFO    - keyword:铜业
2024-08-23 21:52:20,170 - INFO    - keyword:矿业
2024-08-23 21:52:20,170 - INFO    - keyword:有色
2024-08-23 21:52:20,171 - INFO    - keyword:江西
2024-08-23 21:52:20,171 - INFO    - keyword:集体
2024-08-23 21:52:20,172 - INFO    - keyword:外盘
2024-08-23 21:52:20,172 - INFO    - keyword:中国
2024-08-23 21:52:20,172 - INFO    - keyword:国际
2024-08-23 21:52:20,173 - INFO    - keyword:紫金
2024-08-23 21:52:20,191 - INFO    - keyword:世卫
2024-08-23 21:52:20,191 - INFO    - keyword:大会
2024-08-23 21:52:20,192 - INFO    - keyword:邀请函
2024-08-23 21:52:20,192 - INFO    - keyword:台湾
2024-08-23 21:52:20,192 - INFO    - keyword:当局
2024-08-23 21:52:20,193 - INFO    - keyword:世界卫生
2024-08-23 21:52:20,193 - INFO    - keyword:台当局
2024-08-23 21:52:20,193 - INFO    - keyword:时间
2024-08-23 21:52:20,194 - INFO    - keyword:参会者
2024-08-23 21:52:20,194 - INFO    - keyword:正告
2024-08-23 21:52:20,201 - INFO    - keyword:创业
2024-08-23 21:52:20,201 - INFO    - keyword:所报
2024-08-23 21:52:20,201 - INFO    - keyword:协议
2024-08-23 21:52:20,202 - INFO    - keyword:认购价
2024-08-23 21:52:20,202 - INFO    - keyword:集团
2024-08-23 21:52:20,203 - INFO    - keyword:收市价
2024-08-23 21:52:20,203 - INFO    - keyword:条件
2024-08-23 21:52:20,203 - INFO    - keyword:股份
2024-08-23 21:52:20,204 - INFO    - keyword:净额
2024-08-23 21:52:20,229 - INFO    - keyword:银河
2024-08-23 21:52:20,230 - INFO    - keyword:太空
2024-08-23 21:52:20,230 - INFO    - keyword:航天器
2024-08-23 21:52:20,230 - INFO    - keyword:公司
2024-08-23 21:52:20,231 - INFO    - keyword:摩西
2024-08-23 21:52:20,231 - INFO    - keyword:计划
2024-08-23 21:52:20,231 - INFO    - keyword:月份
2024-08-23 21:52:20,232 - INFO    - keyword:股价
2024-08-23 21:52:20,232 - INFO    - keyword:报告
2024-08-23 21:52:20,235 - INFO    - keyword:囊谦县
2024-08-23 21:52:20,236 - INFO    - keyword:地震
2024-08-23 21:52:20,236 - INFO    - keyword:震源
2024-08-23 21:52:20,236 - INFO    - keyword:台网
2024-08-23 21:52:20,237 - INFO    - keyword:青海
2024-08-23 21:52:20,237 - INFO    - keyword:深度
2024-08-23 21:52:20,237 - INFO    - keyword:东经
2024-08-23 21:52:20,238 - INFO    - keyword:中国
2024-08-23 21:52:20,257 - INFO    - keyword:数字
2024-08-23 21:52:20,258 - INFO    - keyword:网商
2024-08-23 21:52:20,258 - INFO    - keyword:钱包
2024-08-23 21:52:20,259 - INFO    - keyword:银行
2024-08-23 21:52:20,259 - INFO    - keyword:人民币
2024-08-23 21:52:20,260 - INFO    - keyword:封板
2024-08-23 21:52:20,260 - INFO    - keyword:微众
2024-08-23 21:52:20,260 - INFO    - keyword:货币
2024-08-23 21:52:20,261 - INFO    - keyword:天龙
2024-08-23 21:52:20,261 - INFO    - keyword:设备
2024-08-23 21:52:20,271 - INFO    - keyword:恒生
2024-08-23 21:52:20,272 - INFO    - keyword:美团
2024-08-23 21:52:20,272 - INFO    - keyword:科技
2024-08-23 21:52:20,272 - INFO    - keyword:网易
2024-08-23 21:52:20,273 - INFO    - keyword:指数
2024-08-23 21:52:20,273 - INFO    - keyword:金蝶
2024-08-23 21:52:20,273 - INFO    - keyword:百度
2024-08-23 21:52:20,274 - INFO    - keyword:不断扩大
2024-08-23 21:52:20,274 - INFO    - keyword:跌幅
2024-08-23 21:52:20,319 - INFO    - keyword:作战区
2024-08-23 21:52:20,320 - INFO    - keyword:军团
2024-08-23 21:52:20,320 - INFO    - keyword:台军
2024-08-23 21:52:20,320 - INFO    - keyword:军制
2024-08-23 21:52:20,321 - INFO    - keyword:战区
2024-08-23 21:52:20,321 - INFO    - keyword:指挥部
2024-08-23 21:52:20,322 - INFO    - keyword:环球时报
2024-08-23 21:52:20,322 - INFO    - keyword:部队
2024-08-23 21:52:20,322 - INFO    - keyword:大陆
2024-08-23 21:52:20,323 - INFO    - keyword:台湾
2024-08-23 21:52:20,355 - INFO    - keyword:创板
2024-08-23 21:52:20,355 - INFO    - keyword:公司
2024-08-23 21:52:20,356 - INFO    - keyword:股份
2024-08-23 21:52:20,356 - INFO    - keyword:A股
2024-08-23 21:52:20,356 - INFO    - keyword:瑞森
2024-08-23 21:52:20,356 - INFO    - keyword:生物
2024-08-23 21:52:20,357 - INFO    - keyword:发布公告
2024-08-23 21:52:20,357 - INFO    - keyword:指数
2024-08-23 21:52:20,358 - INFO    - keyword:上市
2024-08-23 21:52:20,358 - INFO    - keyword:物流
2024-08-23 21:52:20,371 - INFO    - keyword:供应链
2024-08-23 21:52:20,371 - INFO    - keyword:美国
2024-08-23 21:52:20,372 - INFO    - keyword:中国
2024-08-23 21:52:20,372 - INFO    - keyword:公司
2024-08-23 21:52:20,373 - INFO    - keyword:技术
2024-08-23 21:52:20,373 - INFO    - keyword:技术标准
2024-08-23 21:52:20,373 - INFO    - keyword:芯片
2024-08-23 21:52:20,374 - INFO    - keyword:对华
2024-08-23 21:52:20,374 - INFO    - keyword:企业
2024-08-23 21:52:20,374 - INFO    - keyword:措施
2024-08-23 21:52:20,389 - INFO    - keyword:芯片
2024-08-23 21:52:20,389 - INFO    - keyword:美国
2024-08-23 21:52:20,389 - INFO    - keyword:减产
2024-08-23 21:52:20,390 - INFO    - keyword:半导体
2024-08-23 21:52:20,390 - INFO    - keyword:汽车
2024-08-23 21:52:20,390 - INFO    - keyword:裁员
2024-08-23 21:52:20,391 - INFO    - keyword:汽车行业
2024-08-23 21:52:20,391 - INFO    - keyword:制造商
2024-08-23 21:52:20,391 - INFO    - keyword:会议
2024-08-23 21:52:20,392 - INFO    - keyword:汽车工人
2024-08-23 21:52:20,407 - INFO    - keyword:茅台
2024-08-23 21:52:20,408 - INFO    - keyword:贵州
2024-08-23 21:52:20,408 - INFO    - keyword:研报
2024-08-23 21:52:20,409 - INFO    - keyword:股价
2024-08-23 21:52:20,409 - INFO    - keyword:净利润
2024-08-23 21:52:20,410 - INFO    - keyword:挖掘潜力
2024-08-23 21:52:20,411 - INFO    - keyword:连破
2024-08-23 21:52:20,411 - INFO    - keyword:总营
2024-08-23 21:52:20,412 - INFO    - keyword:非标
2024-08-23 21:52:20,449 - INFO    - keyword:涨幅
2024-08-23 21:52:20,450 - INFO    - keyword:价格
2024-08-23 21:52:20,450 - INFO    - keyword:影响
2024-08-23 21:52:20,450 - INFO    - keyword:加工业
2024-08-23 21:52:20,451 - INFO    - keyword:食品
2024-08-23 21:52:20,451 - INFO    - keyword:月份
2024-08-23 21:52:20,451 - INFO    - keyword:降幅
2024-08-23 21:52:20,452 - INFO    - keyword:统计师
2024-08-23 21:52:20,452 - INFO    - keyword:石油
2024-08-23 21:52:20,453 - INFO    - keyword:有色金属
2024-08-23 21:52:20,464 - INFO    - keyword:恐龙
2024-08-23 21:52:20,464 - INFO    - keyword:小组
2024-08-23 21:52:20,466 - INFO    - keyword:游戏
2024-08-23 21:52:20,466 - INFO    - keyword:浏览器
2024-08-23 21:52:20,467 - INFO    - keyword:标签
2024-08-23 21:52:20,468 - INFO    - keyword:屏幕
2024-08-23 21:52:20,468 - INFO    - keyword:语音输入
2024-08-23 21:52:20,468 - INFO    - keyword:用户
2024-08-23 21:52:20,469 - INFO    - keyword:众测
2024-08-23 21:52:20,469 - INFO    - keyword:图标
2024-08-23 21:52:20,475 - INFO    - keyword:涉资
2024-08-23 21:52:20,475 - INFO    - keyword:决议案
2024-08-23 21:52:20,476 - INFO    - keyword:数目
2024-08-23 21:52:20,477 - INFO    - keyword:实业
2024-08-23 21:52:20,478 - INFO    - keyword:股份
2024-08-23 21:52:20,478 - INFO    - keyword:证券
2024-08-23 21:52:20,486 - INFO    - keyword:机组人员
2024-08-23 21:52:20,486 - INFO    - keyword:洱海
2024-08-23 21:52:20,486 - INFO    - keyword:大理市
2024-08-23 21:52:20,487 - INFO    - keyword:直升飞机
2024-08-23 21:52:20,487 - INFO    - keyword:现场
2024-08-23 21:52:20,487 - INFO    - keyword:大理
2024-08-23 21:52:20,488 - INFO    - keyword:救援
2024-08-23 21:52:20,488 - INFO    - keyword:直升机
2024-08-23 21:52:20,489 - INFO    - keyword:医疗
2024-08-23 21:52:20,505 - INFO    - keyword:英特尔
2024-08-23 21:52:20,505 - INFO    - keyword:图形
2024-08-23 21:52:20,506 - INFO    - keyword:处理器
2024-08-23 21:52:20,506 - INFO    - keyword:显示器
2024-08-23 21:52:20,506 - INFO    - keyword:性能
2024-08-23 21:52:20,507 - INFO    - keyword:低功耗
2024-08-23 21:52:20,507 - INFO    - keyword:标牌
2024-08-23 21:52:20,508 - INFO    - keyword:体验
2024-08-23 21:52:20,508 - INFO    - keyword:用户
2024-08-23 21:52:20,508 - INFO    - keyword:分辨率
2024-08-23 21:52:20,531 - INFO    - keyword:教官
2024-08-23 21:52:20,532 - INFO    - keyword:空军
2024-08-23 21:52:20,532 - INFO    - keyword:事故
2024-08-23 21:52:20,533 - INFO    - keyword:学员
2024-08-23 21:52:20,533 - INFO    - keyword:骂人
2024-08-23 21:52:20,534 - INFO    - keyword:飞行员
2024-08-23 21:52:20,534 - INFO    - keyword:台军方
2024-08-23 21:52:20,535 - INFO    - keyword:台军
2024-08-23 21:52:20,535 - INFO    - keyword:战机
2024-08-23 21:52:20,535 - INFO    - keyword:纪录片
2024-08-23 21:52:20,557 - INFO    - keyword:苹果
2024-08-23 21:52:20,557 - INFO    - keyword:开发者
2024-08-23 21:52:20,557 - INFO    - keyword:诉讼
2024-08-23 21:52:20,558 - INFO    - keyword:英国
2024-08-23 21:52:20,558 - INFO    - keyword:消费者
2024-08-23 21:52:20,559 - INFO    - keyword:收费
2024-08-23 21:52:20,559 - INFO    - keyword:用户
2024-08-23 21:52:20,559 - INFO    - keyword:指控
2024-08-23 21:52:20,560 - INFO    - keyword:费用
2024-08-23 21:52:20,560 - INFO    - keyword:平台
2024-08-23 21:52:20,564 - INFO    - keyword:涉资
2024-08-23 21:52:20,565 - INFO    - keyword:决议案
2024-08-23 21:52:20,565 - INFO    - keyword:数目
2024-08-23 21:52:20,565 - INFO    - keyword:股份
2024-08-23 21:52:20,566 - INFO    - keyword:证券
2024-08-23 21:52:20,602 - INFO    - keyword:新疆
2024-08-23 21:52:20,602 - INFO    - keyword:美国
2024-08-23 21:52:20,602 - INFO    - keyword:人权
2024-08-23 21:52:20,603 - INFO    - keyword:会员国
2024-08-23 21:52:20,603 - INFO    - keyword:涉疆
2024-08-23 21:52:20,603 - INFO    - keyword:穆斯林
2024-08-23 21:52:20,604 - INFO    - keyword:以疆
2024-08-23 21:52:20,604 - INFO    - keyword:制华
2024-08-23 21:52:20,604 - INFO    - keyword:谎言
2024-08-23 21:52:20,605 - INFO    - keyword:会议
2024-08-23 21:52:20,624 - INFO    - keyword:价格下降
2024-08-23 21:52:20,624 - INFO    - keyword:价格
2024-08-23 21:52:20,625 - INFO    - keyword:服务
2024-08-23 21:52:20,625 - INFO    - keyword:居民消费
2024-08-23 21:52:20,625 - INFO    - keyword:影响
2024-08-23 21:52:20,626 - INFO    - keyword:基期
2024-08-23 21:52:20,626 - INFO    - keyword:食品
2024-08-23 21:52:20,626 - INFO    - keyword:文化娱乐
2024-08-23 21:52:20,627 - INFO    - keyword:调查
2024-08-23 21:52:20,627 - INFO    - keyword:变动
2024-08-23 21:52:20,647 - INFO    - keyword:公司
2024-08-23 21:52:20,647 - INFO    - keyword:奥马
2024-08-23 21:52:20,647 - INFO    - keyword:集团
2024-08-23 21:52:20,648 - INFO    - keyword:融通
2024-08-23 21:52:20,648 - INFO    - keyword:中新融泽
2024-08-23 21:52:20,648 - INFO    - keyword:西藏
2024-08-23 21:52:20,649 - INFO    - keyword:电器
2024-08-23 21:52:20,649 - INFO    - keyword:股份
2024-08-23 21:52:20,650 - INFO    - keyword:设备
2024-08-23 21:52:20,658 - INFO    - keyword:世卫
2024-08-23 21:52:20,658 - INFO    - keyword:疫苗
2024-08-23 21:52:20,658 - INFO    - keyword:国药
2024-08-23 21:52:20,659 - INFO    - keyword:新冠
2024-08-23 21:52:20,659 - INFO    - keyword:热拉
2024-08-23 21:52:20,660 - INFO    - keyword:环节
2024-08-23 21:52:20,660 - INFO    - keyword:规范
2024-08-23 21:52:20,660 - INFO    - keyword:生产
2024-08-23 21:52:20,661 - INFO    - keyword:生物制剂
2024-08-23 21:52:20,693 - INFO    - keyword:涨幅
2024-08-23 21:52:20,693 - INFO    - keyword:价格
2024-08-23 21:52:20,693 - INFO    - keyword:影响
2024-08-23 21:52:20,693 - INFO    - keyword:加工业
2024-08-23 21:52:20,695 - INFO    - keyword:食品
2024-08-23 21:52:20,695 - INFO    - keyword:月份
2024-08-23 21:52:20,695 - INFO    - keyword:降幅
2024-08-23 21:52:20,695 - INFO    - keyword:统计师
2024-08-23 21:52:20,695 - INFO    - keyword:石油
2024-08-23 21:52:20,696 - INFO    - keyword:有色金属
2024-08-23 21:52:20,709 - INFO    - keyword:遥控器
2024-08-23 21:52:20,709 - INFO    - keyword:外壳
2024-08-23 21:52:20,710 - INFO    - keyword:箱子
2024-08-23 21:52:20,710 - INFO    - keyword:用户
2024-08-23 21:52:20,710 - INFO    - keyword:众测
2024-08-23 21:52:20,711 - INFO    - keyword:地卡
2024-08-23 21:52:20,711 - INFO    - keyword:响度
2024-08-23 21:52:20,711 - INFO    - keyword:客户端
2024-08-23 21:52:20,712 - INFO    - keyword:开口处
2024-08-23 21:52:20,712 - INFO    - keyword:夜光
2024-08-23 21:52:20,715 - INFO    - keyword:涉资
2024-08-23 21:52:20,715 - INFO    - keyword:决议案
2024-08-23 21:52:20,716 - INFO    - keyword:数目
2024-08-23 21:52:20,716 - INFO    - keyword:集团
2024-08-23 21:52:20,717 - INFO    - keyword:股份
2024-08-23 21:52:20,717 - INFO    - keyword:证券
2024-08-23 21:52:20,744 - INFO    - keyword:人口普查
2024-08-23 21:52:20,745 - INFO    - keyword:人口
2024-08-23 21:52:20,745 - INFO    - keyword:全国
2024-08-23 21:52:20,745 - INFO    - keyword:发布会
2024-08-23 21:52:20,746 - INFO    - keyword:数据
2024-08-23 21:52:20,747 - INFO    - keyword:性别结构
2024-08-23 21:52:20,747 - INFO    - keyword:领导小组
2024-08-23 21:52:20,748 - INFO    - keyword:总人口
2024-08-23 21:52:20,748 - INFO    - keyword:普查
2024-08-23 21:52:20,759 - INFO    - keyword:伙伴关系
2024-08-23 21:52:20,759 - INFO    - keyword:印度
2024-08-23 21:52:20,760 - INFO    - keyword:计划
2024-08-23 21:52:20,760 - INFO    - keyword:印媒
2024-08-23 21:52:20,760 - INFO    - keyword:合作
2024-08-23 21:52:20,761 - INFO    - keyword:私营部门
2024-08-23 21:52:20,761 - INFO    - keyword:印欧
2024-08-23 21:52:20,761 - INFO    - keyword:国际标准
2024-08-23 21:52:20,762 - INFO    - keyword:环境
2024-08-23 21:52:20,762 - INFO    - keyword:基础设施
2024-08-23 21:52:20,785 - INFO    - keyword:奥园
2024-08-23 21:52:20,785 - INFO    - keyword:优先
2024-08-23 21:52:20,785 - INFO    - keyword:票据
2024-08-23 21:52:20,786 - INFO    - keyword:企业信用
2024-08-23 21:52:20,786 - INFO    - keyword:人民币
2024-08-23 21:52:20,786 - INFO    - keyword:城市更新
2024-08-23 21:52:20,787 - INFO    - keyword:货值
2024-08-23 21:52:20,787 - INFO    - keyword:优化
2024-08-23 21:52:20,788 - INFO    - keyword:账款
2024-08-23 21:52:20,788 - INFO    - keyword:现金流
2024-08-23 21:52:20,805 - INFO    - keyword:价格
2024-08-23 21:52:20,805 - INFO    - keyword:月份
2024-08-23 21:52:20,806 - INFO    - keyword:涨幅
2024-08-23 21:52:20,806 - INFO    - keyword:农产品
2024-08-23 21:52:20,807 - INFO    - keyword:猪肉
2024-08-23 21:52:20,807 - INFO    - keyword:影响
2024-08-23 21:52:20,807 - INFO    - keyword:农村部
2024-08-23 21:52:20,808 - INFO    - keyword:物价
2024-08-23 21:52:20,808 - INFO    - keyword:商品价格
2024-08-23 21:52:20,808 - INFO    - keyword:因素
2024-08-23 21:52:20,812 - INFO    - keyword:证据
2024-08-23 21:52:20,813 - INFO    - keyword:俄罗斯
2024-08-23 21:52:20,813 - INFO    - keyword:会面
2024-08-23 21:52:20,813 - INFO    - keyword:普京
2024-08-23 21:52:20,814 - INFO    - keyword:管道
2024-08-23 21:52:20,814 - INFO    - keyword:软件
2024-08-23 21:52:20,814 - INFO    - keyword:总统
2024-08-23 21:52:20,815 - INFO    - keyword:新闻节目
2024-08-23 21:52:20,815 - INFO    - keyword:情报人员
2024-08-23 21:52:20,853 - INFO    - keyword:香港
2024-08-23 21:52:20,853 - INFO    - keyword:月娥
2024-08-23 21:52:20,854 - INFO    - keyword:内地
2024-08-23 21:52:20,854 - INFO    - keyword:港易
2024-08-23 21:52:20,854 - INFO    - keyword:个案
2024-08-23 21:52:20,854 - INFO    - keyword:朋友
2024-08-23 21:52:20,854 - INFO    - keyword:检疫
2024-08-23 21:52:20,855 - INFO    - keyword:疫情
2024-08-23 21:52:20,855 - INFO    - keyword:同胞
2024-08-23 21:52:20,856 - INFO    - keyword:回港
2024-08-23 21:52:20,874 - INFO    - keyword:车辆
2024-08-23 21:52:20,875 - INFO    - keyword:事故
2024-08-23 21:52:20,875 - INFO    - keyword:自动
2024-08-23 21:52:20,875 - INFO    - keyword:系统
2024-08-23 21:52:20,876 - INFO    - keyword:调查
2024-08-23 21:52:20,876 - INFO    - keyword:德克萨斯州
2024-08-23 21:52:20,877 - INFO    - keyword:路段
2024-08-23 21:52:20,877 - INFO    - keyword:交通
2024-08-23 21:52:20,877 - INFO    - keyword:状态
2024-08-23 21:52:20,878 - INFO    - keyword:警方
2024-08-23 21:52:20,880 - INFO    - keyword:涉资
2024-08-23 21:52:20,880 - INFO    - keyword:决议案
2024-08-23 21:52:20,881 - INFO    - keyword:天福
2024-08-23 21:52:20,881 - INFO    - keyword:数目
2024-08-23 21:52:20,882 - INFO    - keyword:股份
2024-08-23 21:52:20,882 - INFO    - keyword:证券
2024-08-23 21:52:20,917 - INFO    - keyword:涨幅
2024-08-23 21:52:20,918 - INFO    - keyword:价格
2024-08-23 21:52:20,919 - INFO    - keyword:影响
2024-08-23 21:52:20,919 - INFO    - keyword:加工业
2024-08-23 21:52:20,920 - INFO    - keyword:食品
2024-08-23 21:52:20,920 - INFO    - keyword:月份
2024-08-23 21:52:20,920 - INFO    - keyword:降幅
2024-08-23 21:52:20,921 - INFO    - keyword:统计师
2024-08-23 21:52:20,921 - INFO    - keyword:石油
2024-08-23 21:52:20,921 - INFO    - keyword:有色金属
2024-08-23 21:52:20,927 - INFO    - keyword:煤炭
2024-08-23 21:52:20,927 - INFO    - keyword:煤价
2024-08-23 21:52:20,928 - INFO    - keyword:供给
2024-08-23 21:52:20,928 - INFO    - keyword:黑猫
2024-08-23 21:52:20,929 - INFO    - keyword:板块
2024-08-23 21:52:20,929 - INFO    - keyword:低位
2024-08-23 21:52:20,929 - INFO    - keyword:库存
2024-08-23 21:52:20,930 - INFO    - keyword:陕西
2024-08-23 21:52:20,930 - INFO    - keyword:研报
2024-08-23 21:52:20,930 - INFO    - keyword:挖掘潜力
2024-08-23 21:52:20,968 - INFO    - keyword:涨幅
2024-08-23 21:52:20,968 - INFO    - keyword:价格
2024-08-23 21:52:20,969 - INFO    - keyword:影响
2024-08-23 21:52:20,969 - INFO    - keyword:加工业
2024-08-23 21:52:20,969 - INFO    - keyword:食品
2024-08-23 21:52:20,970 - INFO    - keyword:降幅
2024-08-23 21:52:20,970 - INFO    - keyword:石油
2024-08-23 21:52:20,970 - INFO    - keyword:有色金属
2024-08-23 21:52:20,971 - INFO    - keyword:月份
2024-08-23 21:52:20,971 - INFO    - keyword:价格下降
2024-08-23 21:52:20,975 - INFO    - keyword:天鸽
2024-08-23 21:52:20,975 - INFO    - keyword:涉资
2024-08-23 21:52:20,976 - INFO    - keyword:决议案
2024-08-23 21:52:20,977 - INFO    - keyword:数目
2024-08-23 21:52:20,977 - INFO    - keyword:股份
2024-08-23 21:52:20,977 - INFO    - keyword:证券
2024-08-23 21:52:20,996 - INFO    - keyword:价格下降
2024-08-23 21:52:20,997 - INFO    - keyword:价格
2024-08-23 21:52:20,997 - INFO    - keyword:服务
2024-08-23 21:52:20,998 - INFO    - keyword:居民消费
2024-08-23 21:52:20,998 - INFO    - keyword:影响
2024-08-23 21:52:20,998 - INFO    - keyword:基期
2024-08-23 21:52:20,999 - INFO    - keyword:食品
2024-08-23 21:52:20,999 - INFO    - keyword:调查
2024-08-23 21:52:21,000 - INFO    - keyword:变动
2024-08-23 21:52:21,000 - INFO    - keyword:网点
2024-08-23 21:52:21,008 - INFO    - keyword:商标
2024-08-23 21:52:21,009 - INFO    - keyword:三星
2024-08-23 21:52:21,009 - INFO    - keyword:显示屏
2024-08-23 21:52:21,009 - INFO    - keyword:产品
2024-08-23 21:52:21,010 - INFO    - keyword:手机
2024-08-23 21:52:21,010 - INFO    - keyword:众测
2024-08-23 21:52:21,010 - INFO    - keyword:知识产权局
2024-08-23 21:52:21,011 - INFO    - keyword:客户端
2024-08-23 21:52:21,011 - INFO    - keyword:智能手机
2024-08-23 21:52:21,011 - INFO    - keyword:谣传
2024-08-23 21:52:21,019 - INFO    - keyword:价格
2024-08-23 21:52:21,019 - INFO    - keyword:章源
2024-08-23 21:52:21,020 - INFO    - keyword:钨业
2024-08-23 21:52:21,020 - INFO    - keyword:宏达
2024-08-23 21:52:21,021 - INFO    - keyword:金属
2024-08-23 21:52:21,021 - INFO    - keyword:板块
2024-08-23 21:52:21,021 - INFO    - keyword:工业
2024-08-23 21:52:21,022 - INFO    - keyword:有色
2024-08-23 21:52:21,022 - INFO    - keyword:铅锭
2024-08-23 21:52:21,022 - INFO    - keyword:锌锭
2024-08-23 21:52:21,033 - INFO    - keyword:降幅
2024-08-23 21:52:21,034 - INFO    - keyword:价格下降
2024-08-23 21:52:21,034 - INFO    - keyword:价格
2024-08-23 21:52:21,035 - INFO    - keyword:猪肉
2024-08-23 21:52:21,035 - INFO    - keyword:食品
2024-08-23 21:52:21,035 - INFO    - keyword:涨幅
2024-08-23 21:52:21,036 - INFO    - keyword:鸭肉
2024-08-23 21:52:21,036 - INFO    - keyword:鸡肉
2024-08-23 21:52:21,037 - INFO    - keyword:植物油
2024-08-23 21:52:21,052 - INFO    - keyword:玻璃
2024-08-23 21:52:21,052 - INFO    - keyword:苹果公司
2024-08-23 21:52:21,053 - INFO    - keyword:超瓷
2024-08-23 21:52:21,053 - INFO    - keyword:苹果
2024-08-23 21:52:21,054 - INFO    - keyword:面板
2024-08-23 21:52:21,054 - INFO    - keyword:产品
2024-08-23 21:52:21,054 - INFO    - keyword:晶体
2024-08-23 21:52:21,055 - INFO    - keyword:智能手机
2024-08-23 21:52:21,055 - INFO    - keyword:技术
2024-08-23 21:52:21,056 - INFO    - keyword:手机
2024-08-23 21:52:21,085 - INFO    - keyword:律师
2024-08-23 21:52:21,085 - INFO    - keyword:冠福
2024-08-23 21:52:21,086 - INFO    - keyword:维权
2024-08-23 21:52:21,086 - INFO    - keyword:代理
2024-08-23 21:52:21,086 - INFO    - keyword:新闻
2024-08-23 21:52:21,087 - INFO    - keyword:投资者
2024-08-23 21:52:21,087 - INFO    - keyword:证券
2024-08-23 21:52:21,087 - INFO    - keyword:行政处罚
2024-08-23 21:52:21,088 - INFO    - keyword:股民
2024-08-23 21:52:21,094 - INFO    - keyword:广角镜头
2024-08-23 21:52:21,095 - INFO    - keyword:佳能
2024-08-23 21:52:21,095 - INFO    - keyword:焦距
2024-08-23 21:52:21,095 - INFO    - keyword:视角
2024-08-23 21:52:21,096 - INFO    - keyword:镜头
2024-08-23 21:52:21,096 - INFO    - keyword:曝光
2024-08-23 21:52:21,096 - INFO    - keyword:专利
2024-08-23 21:52:21,097 - INFO    - keyword:案例
2024-08-23 21:52:21,097 - INFO    - keyword:图像
2024-08-23 21:52:21,097 - INFO    - keyword:长度
2024-08-23 21:52:21,143 - INFO    - keyword:美团
2024-08-23 21:52:21,143 - INFO    - keyword:骑手
2024-08-23 21:52:21,143 - INFO    - keyword:内资
2024-08-23 21:52:21,144 - INFO    - keyword:北水
2024-08-23 21:52:21,144 - INFO    - keyword:劳动
2024-08-23 21:52:21,144 - INFO    - keyword:社会保险
2024-08-23 21:52:21,145 - INFO    - keyword:亏损
2024-08-23 21:52:21,145 - INFO    - keyword:市值
2024-08-23 21:52:21,145 - INFO    - keyword:单日
2024-08-23 21:52:21,146 - INFO    - keyword:文章
2024-08-23 21:52:21,150 - INFO    - keyword:党组
2024-08-23 21:52:21,151 - INFO    - keyword:监委
2024-08-23 21:52:21,151 - INFO    - keyword:违纪
2024-08-23 21:52:21,151 - INFO    - keyword:成员
2024-08-23 21:52:21,152 - INFO    - keyword:违法
2024-08-23 21:52:21,152 - INFO    - keyword:网讯
2024-08-23 21:52:21,152 - INFO    - keyword:监察
2024-08-23 21:52:21,152 - INFO    - keyword:纪律
2024-08-23 21:52:21,153 - INFO    - keyword:国家
2024-08-23 21:52:21,159 - INFO    - keyword:卡口
2024-08-23 21:52:21,159 - INFO    - keyword:免费
2024-08-23 21:52:21,160 - INFO    - keyword:版本升级
2024-08-23 21:52:21,160 - INFO    - keyword:感光度
2024-08-23 21:52:21,160 - INFO    - keyword:众测
2024-08-23 21:52:21,160 - INFO    - keyword:客户端
2024-08-23 21:52:21,161 - INFO    - keyword:画幅
2024-08-23 21:52:21,161 - INFO    - keyword:处理器
2024-08-23 21:52:21,161 - INFO    - keyword:产品
2024-08-23 21:52:21,162 - INFO    - keyword:数码
2024-08-23 21:52:21,165 - INFO    - keyword:涉资
2024-08-23 21:52:21,166 - INFO    - keyword:决议案
2024-08-23 21:52:21,166 - INFO    - keyword:数目
2024-08-23 21:52:21,166 - INFO    - keyword:中国
2024-08-23 21:52:21,167 - INFO    - keyword:股份
2024-08-23 21:52:21,167 - INFO    - keyword:证券
2024-08-23 21:52:21,200 - INFO    - keyword:涨幅
2024-08-23 21:52:21,201 - INFO    - keyword:价格
2024-08-23 21:52:21,201 - INFO    - keyword:影响
2024-08-23 21:52:21,202 - INFO    - keyword:加工业
2024-08-23 21:52:21,202 - INFO    - keyword:食品
2024-08-23 21:52:21,202 - INFO    - keyword:降幅
2024-08-23 21:52:21,203 - INFO    - keyword:月份
2024-08-23 21:52:21,203 - INFO    - keyword:统计师
2024-08-23 21:52:21,203 - INFO    - keyword:石油
2024-08-23 21:52:21,204 - INFO    - keyword:有色金属
2024-08-23 21:52:21,212 - INFO    - keyword:开发者
2024-08-23 21:52:21,213 - INFO    - keyword:苹果
2024-08-23 21:52:21,213 - INFO    - keyword:预览版
2024-08-23 21:52:21,214 - INFO    - keyword:用户
2024-08-23 21:52:21,214 - INFO    - keyword:文件
2024-08-23 21:52:21,215 - INFO    - keyword:身份验证
2024-08-23 21:52:21,215 - INFO    - keyword:众测
2024-08-23 21:52:21,215 - INFO    - keyword:客户端
2024-08-23 21:52:21,216 - INFO    - keyword:功能
2024-08-23 21:52:21,216 - INFO    - keyword:局域网
2024-08-23 21:52:21,251 - INFO    - keyword:绿色
2024-08-23 21:52:21,252 - INFO    - keyword:绿债
2024-08-23 21:52:21,252 - INFO    - keyword:债券
2024-08-23 21:52:21,252 - INFO    - keyword:评级
2024-08-23 21:52:21,253 - INFO    - keyword:理念
2024-08-23 21:52:21,253 - INFO    - keyword:公司
2024-08-23 21:52:21,254 - INFO    - keyword:财务纪律
2024-08-23 21:52:21,254 - INFO    - keyword:期限
2024-08-23 21:52:21,255 - INFO    - keyword:建筑
2024-08-23 21:52:21,255 - INFO    - keyword:报告
2024-08-23 21:52:21,282 - INFO    - keyword:天神
2024-08-23 21:52:21,283 - INFO    - keyword:娱乐
2024-08-23 21:52:21,283 - INFO    - keyword:律师
2024-08-23 21:52:21,284 - INFO    - keyword:维权
2024-08-23 21:52:21,284 - INFO    - keyword:案件
2024-08-23 21:52:21,284 - INFO    - keyword:证券市场
2024-08-23 21:52:21,284 - INFO    - keyword:投资者
2024-08-23 21:52:21,285 - INFO    - keyword:代理
2024-08-23 21:52:21,285 - INFO    - keyword:新闻
2024-08-23 21:52:21,297 - INFO    - keyword:环宇
2024-08-23 21:52:21,297 - INFO    - keyword:游戏机
2024-08-23 21:52:21,298 - INFO    - keyword:电话会议
2024-08-23 21:52:21,298 - INFO    - keyword:投资者
2024-08-23 21:52:21,298 - INFO    - keyword:屏幕
2024-08-23 21:52:21,299 - INFO    - keyword:三星
2024-08-23 21:52:21,299 - INFO    - keyword:公司
2024-08-23 21:52:21,299 - INFO    - keyword:显示器
2024-08-23 21:52:21,300 - INFO    - keyword:曝光
2024-08-23 21:52:21,300 - INFO    - keyword:电话录音
2024-08-23 21:52:21,349 - INFO    - keyword:市场
2024-08-23 21:52:21,350 - INFO    - keyword:A股
2024-08-23 21:52:21,350 - INFO    - keyword:指数
2024-08-23 21:52:21,351 - INFO    - keyword:煤炭
2024-08-23 21:52:21,351 - INFO    - keyword:夜盘
2024-08-23 21:52:21,351 - INFO    - keyword:均价
2024-08-23 21:52:21,352 - INFO    - keyword:生态
2024-08-23 21:52:21,352 - INFO    - keyword:硅片
2024-08-23 21:52:21,352 - INFO    - keyword:住房贷款
2024-08-23 21:52:21,353 - INFO    - keyword:高位
2024-08-23 21:52:21,371 - INFO    - keyword:车主
2024-08-23 21:52:21,372 - INFO    - keyword:网友
2024-08-23 21:52:21,372 - INFO    - keyword:维权
2024-08-23 21:52:21,373 - INFO    - keyword:失灵
2024-08-23 21:52:21,373 - INFO    - keyword:刹车
2024-08-23 21:52:21,373 - INFO    - keyword:律师
2024-08-23 21:52:21,374 - INFO    - keyword:热议
2024-08-23 21:52:21,374 - INFO    - keyword:起诉状
2024-08-23 21:52:21,375 - INFO    - keyword:每辆车
2024-08-23 21:52:21,382 - INFO    - keyword:富士
2024-08-23 21:52:21,383 - INFO    - keyword:机身
2024-08-23 21:52:21,383 - INFO    - keyword:产品
2024-08-23 21:52:21,383 - INFO    - keyword:电商
2024-08-23 21:52:21,384 - INFO    - keyword:众测
2024-08-23 21:52:21,384 - INFO    - keyword:蜂鸟网
2024-08-23 21:52:21,384 - INFO    - keyword:外媒
2024-08-23 21:52:21,385 - INFO    - keyword:客户端
2024-08-23 21:52:21,385 - INFO    - keyword:福利
2024-08-23 21:52:21,386 - INFO    - keyword:体验
2024-08-23 21:52:21,404 - INFO    - keyword:都市
2024-08-23 21:52:21,405 - INFO    - keyword:美团
2024-08-23 21:52:21,405 - INFO    - keyword:指数
2024-08-23 21:52:21,405 - INFO    - keyword:强制执行
2024-08-23 21:52:21,405 - INFO    - keyword:恒生
2024-08-23 21:52:21,406 - INFO    - keyword:恒指
2024-08-23 21:52:21,406 - INFO    - keyword:港股
2024-08-23 21:52:21,407 - INFO    - keyword:科指
2024-08-23 21:52:21,407 - INFO    - keyword:标普
2024-08-23 21:52:21,408 - INFO    - keyword:微盟
2024-08-23 21:52:21,412 - INFO    - keyword:专利
2024-08-23 21:52:21,412 - INFO    - keyword:大疆
2024-08-23 21:52:21,412 - INFO    - keyword:众测
2024-08-23 21:52:21,413 - INFO    - keyword:蜂鸟网
2024-08-23 21:52:21,413 - INFO    - keyword:外媒
2024-08-23 21:52:21,413 - INFO    - keyword:客户端
2024-08-23 21:52:21,414 - INFO    - keyword:美金
2024-08-23 21:52:21,414 - INFO    - keyword:原型机
2024-08-23 21:52:21,414 - INFO    - keyword:产品
2024-08-23 21:52:21,414 - INFO    - keyword:发售
2024-08-23 21:52:21,426 - INFO    - keyword:版本号
2024-08-23 21:52:21,427 - INFO    - keyword:系统
2024-08-23 21:52:21,427 - INFO    - keyword:数据安全
2024-08-23 21:52:21,427 - INFO    - keyword:出厂
2024-08-23 21:52:21,428 - INFO    - keyword:亮相
2024-08-23 21:52:21,428 - INFO    - keyword:体验
2024-08-23 21:52:21,428 - INFO    - keyword:用户
2024-08-23 21:52:21,429 - INFO    - keyword:系统优化
2024-08-23 21:52:21,429 - INFO    - keyword:众测
2024-08-23 21:52:21,429 - INFO    - keyword:动效
2024-08-23 21:52:21,451 - INFO    - keyword:价格下降
2024-08-23 21:52:21,451 - INFO    - keyword:价格
2024-08-23 21:52:21,452 - INFO    - keyword:服务
2024-08-23 21:52:21,452 - INFO    - keyword:居民消费
2024-08-23 21:52:21,453 - INFO    - keyword:影响
2024-08-23 21:52:21,453 - INFO    - keyword:基期
2024-08-23 21:52:21,453 - INFO    - keyword:食品
2024-08-23 21:52:21,454 - INFO    - keyword:调查
2024-08-23 21:52:21,454 - INFO    - keyword:变动
2024-08-23 21:52:21,454 - INFO    - keyword:网点
2024-08-23 21:52:21,461 - INFO    - keyword:机身
2024-08-23 21:52:21,461 - INFO    - keyword:佳能
2024-08-23 21:52:21,461 - INFO    - keyword:套装
2024-08-23 21:52:21,462 - INFO    - keyword:变焦镜头
2024-08-23 21:52:21,462 - INFO    - keyword:镜头
2024-08-23 21:52:21,462 - INFO    - keyword:日本
2024-08-23 21:52:21,463 - INFO    - keyword:销量
2024-08-23 21:52:21,463 - INFO    - keyword:单反相机
2024-08-23 21:52:21,463 - INFO    - keyword:众测
2024-08-23 21:52:21,464 - INFO    - keyword:蜂鸟网
2024-08-23 21:52:21,476 - INFO    - keyword:复星
2024-08-23 21:52:21,476 - INFO    - keyword:医药
2024-08-23 21:52:21,477 - INFO    - keyword:新冠
2024-08-23 21:52:21,478 - INFO    - keyword:疫苗
2024-08-23 21:52:21,480 - INFO    - keyword:商业化
2024-08-23 21:52:21,480 - INFO    - keyword:目标价
2024-08-23 21:52:21,481 - INFO    - keyword:催化剂
2024-08-23 21:52:21,481 - INFO    - keyword:评级
2024-08-23 21:52:21,481 - INFO    - keyword:复必泰
2024-08-23 21:52:21,490 - INFO    - keyword:苹果
2024-08-23 21:52:21,491 - INFO    - keyword:系统验证
2024-08-23 21:52:21,491 - INFO    - keyword:应用程序
2024-08-23 21:52:21,491 - INFO    - keyword:降级
2024-08-23 21:52:21,491 - INFO    - keyword:用户
2024-08-23 21:52:21,492 - INFO    - keyword:众测
2024-08-23 21:52:21,492 - INFO    - keyword:旧版本
2024-08-23 21:52:21,493 - INFO    - keyword:时用
2024-08-23 21:52:21,494 - INFO    - keyword:表情符号
2024-08-23 21:52:21,495 - INFO    - keyword:安全漏洞
2024-08-23 21:52:21,503 - INFO    - keyword:永利
2024-08-23 21:52:21,504 - INFO    - keyword:澳门
2024-08-23 21:52:21,504 - INFO    - keyword:物业
2024-08-23 21:52:21,505 - INFO    - keyword:业务
2024-08-23 21:52:21,505 - INFO    - keyword:调整
2024-08-23 21:52:21,506 - INFO    - keyword:皇宫
2024-08-23 21:52:21,506 - INFO    - keyword:经营
2024-08-23 21:52:21,506 - INFO    - keyword:收益
2024-08-23 21:52:21,507 - INFO    - keyword:度假村
2024-08-23 21:52:21,525 - INFO    - keyword:镜头
2024-08-23 21:52:21,525 - INFO    - keyword:画幅
2024-08-23 21:52:21,526 - INFO    - keyword:卡口
2024-08-23 21:52:21,526 - INFO    - keyword:红点
2024-08-23 21:52:21,527 - INFO    - keyword:数码相机
2024-08-23 21:52:21,527 - INFO    - keyword:单反相机
2024-08-23 21:52:21,527 - INFO    - keyword:摄影师
2024-08-23 21:52:21,528 - INFO    - keyword:电池
2024-08-23 21:52:21,528 - INFO    - keyword:设计
2024-08-23 21:52:21,529 - INFO    - keyword:产品
2024-08-23 21:52:21,535 - INFO    - keyword:内幕消息
2024-08-23 21:52:21,535 - INFO    - keyword:发布公告
2024-08-23 21:52:21,536 - INFO    - keyword:交通
2024-08-23 21:52:21,536 - INFO    - keyword:科技
2024-08-23 21:52:21,537 - INFO    - keyword:守则
2024-08-23 21:52:21,537 - INFO    - keyword:公司
2024-08-23 21:52:21,537 - INFO    - keyword:香港
2024-08-23 21:52:21,537 - INFO    - keyword:有限公司
2024-08-23 21:52:21,538 - INFO    - keyword:股份
2024-08-23 21:52:21,540 - INFO    - keyword:监委
2024-08-23 21:52:21,540 - INFO    - keyword:审查
2024-08-23 21:52:21,541 - INFO    - keyword:调查
2024-08-23 21:52:21,541 - INFO    - keyword:违纪
2024-08-23 21:52:21,541 - INFO    - keyword:党组
2024-08-23 21:52:21,542 - INFO    - keyword:监察
2024-08-23 21:52:21,542 - INFO    - keyword:纪律
2024-08-23 21:52:21,542 - INFO    - keyword:国家
2024-08-23 21:52:21,543 - INFO    - keyword:违法
2024-08-23 21:52:21,575 - INFO    - keyword:涨幅
2024-08-23 21:52:21,575 - INFO    - keyword:价格
2024-08-23 21:52:21,576 - INFO    - keyword:影响
2024-08-23 21:52:21,576 - INFO    - keyword:加工业
2024-08-23 21:52:21,576 - INFO    - keyword:食品
2024-08-23 21:52:21,577 - INFO    - keyword:统计师
2024-08-23 21:52:21,577 - INFO    - keyword:月份
2024-08-23 21:52:21,578 - INFO    - keyword:降幅
2024-08-23 21:52:21,578 - INFO    - keyword:石油
2024-08-23 21:52:21,578 - INFO    - keyword:有色金属
2024-08-23 21:52:21,582 - INFO    - keyword:松下
2024-08-23 21:52:21,582 - INFO    - keyword:规格
2024-08-23 21:52:21,582 - INFO    - keyword:取景器
2024-08-23 21:52:21,583 - INFO    - keyword:众测
2024-08-23 21:52:21,583 - INFO    - keyword:蜂鸟网
2024-08-23 21:52:21,583 - INFO    - keyword:外媒
2024-08-23 21:52:21,584 - INFO    - keyword:像素数
2024-08-23 21:52:21,584 - INFO    - keyword:套件
2024-08-23 21:52:21,584 - INFO    - keyword:客户端
2024-08-23 21:52:21,585 - INFO    - keyword:像素
2024-08-23 21:52:21,588 - INFO    - keyword:幼儿
2024-08-23 21:52:21,588 - INFO    - keyword:教育部
2024-08-23 21:52:21,588 - INFO    - keyword:手机
2024-08-23 21:52:21,589 - INFO    - keyword:建议
2024-08-23 21:52:21,589 - INFO    - keyword:小学
2024-08-23 21:52:21,590 - INFO    - keyword:电子屏
2024-08-23 21:52:21,590 - INFO    - keyword:视屏
2024-08-23 21:52:21,590 - INFO    - keyword:电子产品
2024-08-23 21:52:21,591 - INFO    - keyword:防控
2024-08-23 21:52:21,623 - INFO    - keyword:巡回赛
2024-08-23 21:52:21,623 - INFO    - keyword:巡赛
2024-08-23 21:52:21,623 - INFO    - keyword:钓鱼
2024-08-23 21:52:21,624 - INFO    - keyword:练习场
2024-08-23 21:52:21,624 - INFO    - keyword:生活
2024-08-23 21:52:21,624 - INFO    - keyword:比赛
2024-08-23 21:52:21,625 - INFO    - keyword:职业
2024-08-23 21:52:21,625 - INFO    - keyword:赛场
2024-08-23 21:52:21,625 - INFO    - keyword:参赛
2024-08-23 21:52:21,626 - INFO    - keyword:国际
2024-08-23 21:52:21,681 - INFO    - keyword:比赛
2024-08-23 21:52:21,681 - INFO    - keyword:前锋
2024-08-23 21:52:21,681 - INFO    - keyword:球员
2024-08-23 21:52:21,682 - INFO    - keyword:归化
2024-08-23 21:52:21,682 - INFO    - keyword:联赛
2024-08-23 21:52:21,682 - INFO    - keyword:集训
2024-08-23 21:52:21,683 - INFO    - keyword:锋线
2024-08-23 21:52:21,683 - INFO    - keyword:进球
2024-08-23 21:52:21,683 - INFO    - keyword:费南
2024-08-23 21:52:21,684 - INFO    - keyword:出场
2024-08-23 21:52:21,691 - INFO    - keyword:个路
2024-08-23 21:52:21,692 - INFO    - keyword:美好时光
2024-08-23 21:52:21,692 - INFO    - keyword:海淀区
2024-08-23 21:52:21,693 - INFO    - keyword:北京
2024-08-23 21:52:21,693 - INFO    - keyword:鲜花
2024-08-23 21:52:21,693 - INFO    - keyword:树叶
2024-08-23 21:52:21,694 - INFO    - keyword:长春
2024-08-23 21:52:21,694 - INFO    - keyword:京城
2024-08-23 21:52:21,704 - INFO    - keyword:人员伤亡
2024-08-23 21:52:21,705 - INFO    - keyword:风致
2024-08-23 21:52:21,705 - INFO    - keyword:安徽
2024-08-23 21:52:21,705 - INFO    - keyword:事发
2024-08-23 21:52:21,706 - INFO    - keyword:强对流
2024-08-23 21:52:21,706 - INFO    - keyword:安庆市
2024-08-23 21:52:21,706 - INFO    - keyword:负责同志
2024-08-23 21:52:21,707 - INFO    - keyword:安庆
2024-08-23 21:52:21,707 - INFO    - keyword:风力
2024-08-23 21:52:21,716 - INFO    - keyword:国网
2024-08-23 21:52:21,716 - INFO    - keyword:供电
2024-08-23 21:52:21,716 - INFO    - keyword:南京
2024-08-23 21:52:21,717 - INFO    - keyword:丈夫
2024-08-23 21:52:21,717 - INFO    - keyword:公司
2024-08-23 21:52:21,717 - INFO    - keyword:官方
2024-08-23 21:52:21,718 - INFO    - keyword:情妇
2024-08-23 21:52:21,718 - INFO    - keyword:女子
2024-08-23 21:52:21,718 - INFO    - keyword:电力公司
2024-08-23 21:52:21,719 - INFO    - keyword:服务中心
2024-08-23 21:52:21,728 - INFO    - keyword:时段
2024-08-23 21:52:21,729 - INFO    - keyword:距离
2024-08-23 21:52:21,729 - INFO    - keyword:美团
2024-08-23 21:52:21,729 - INFO    - keyword:计费
2024-08-23 21:52:21,730 - INFO    - keyword:服务费
2024-08-23 21:52:21,730 - INFO    - keyword:规则
2024-08-23 21:52:21,730 - INFO    - keyword:价格
2024-08-23 21:52:21,731 - INFO    - keyword:调整
2024-08-23 21:52:21,731 - INFO    - keyword:客单
2024-08-23 21:52:21,747 - INFO    - keyword:监委
2024-08-23 21:52:21,748 - INFO    - keyword:空饷
2024-08-23 21:52:21,748 - INFO    - keyword:排查
2024-08-23 21:52:21,748 - INFO    - keyword:病假
2024-08-23 21:52:21,749 - INFO    - keyword:监督
2024-08-23 21:52:21,749 - INFO    - keyword:北京市
2024-08-23 21:52:21,749 - INFO    - keyword:整治
2024-08-23 21:52:21,750 - INFO    - keyword:海淀区
2024-08-23 21:52:21,750 - INFO    - keyword:机关
2024-08-23 21:52:21,754 - INFO    - keyword:金钱
2024-08-23 21:52:21,754 - INFO    - keyword:豹原
2024-08-23 21:52:21,755 - INFO    - keyword:豹子胆
2024-08-23 21:52:21,755 - INFO    - keyword:供述
2024-08-23 21:52:21,755 - INFO    - keyword:管理机制
2024-08-23 21:52:21,756 - INFO    - keyword:责任人
2024-08-23 21:52:21,756 - INFO    - keyword:客流
2024-08-23 21:52:21,757 - INFO    - keyword:园区
2024-08-23 21:52:21,765 - INFO    - keyword:气温
2024-08-23 21:52:21,766 - INFO    - keyword:阵风
2024-08-23 21:52:21,766 - INFO    - keyword:天气
2024-08-23 21:52:21,767 - INFO    - keyword:云量
2024-08-23 21:52:21,767 - INFO    - keyword:预报
2024-08-23 21:52:21,768 - INFO    - keyword:京城
2024-08-23 21:52:21,768 - INFO    - keyword:北京
2024-08-23 21:52:21,769 - INFO    - keyword:全市性
2024-08-23 21:52:21,769 - INFO    - keyword:雨具
2024-08-23 21:52:21,785 - INFO    - keyword:阵雨
2024-08-23 21:52:21,785 - INFO    - keyword:山区
2024-08-23 21:52:21,786 - INFO    - keyword:阵风
2024-08-23 21:52:21,787 - INFO    - keyword:北京
2024-08-23 21:52:21,787 - INFO    - keyword:雨具
2024-08-23 21:52:21,788 - INFO    - keyword:气温
2024-08-23 21:52:21,788 - INFO    - keyword:需注意
2024-08-23 21:52:21,788 - INFO    - keyword:天气
2024-08-23 21:52:21,789 - INFO    - keyword:预报
2024-08-23 21:52:21,789 - INFO    - keyword:市民
2024-08-23 21:52:21,810 - INFO    - keyword:街景
2024-08-23 21:52:21,810 - INFO    - keyword:房子
2024-08-23 21:52:21,811 - INFO    - keyword:两条腿
2024-08-23 21:52:21,812 - INFO    - keyword:谷歌
2024-08-23 21:52:21,812 - INFO    - keyword:地图
2024-08-23 21:52:21,812 - INFO    - keyword:荒地
2024-08-23 21:52:21,813 - INFO    - keyword:网民
2024-08-23 21:52:21,813 - INFO    - keyword:英国
2024-08-23 21:52:21,813 - INFO    - keyword:女子
2024-08-23 21:52:21,814 - INFO    - keyword:二手房
2024-08-23 21:52:21,825 - INFO    - keyword:猪价
2024-08-23 21:52:21,826 - INFO    - keyword:月份
2024-08-23 21:52:21,827 - INFO    - keyword:季节性
2024-08-23 21:52:21,827 - INFO    - keyword:预计
2024-08-23 21:52:21,827 - INFO    - keyword:压栏
2024-08-23 21:52:21,828 - INFO    - keyword:猪量
2024-08-23 21:52:21,828 - INFO    - keyword:研报
2024-08-23 21:52:21,829 - INFO    - keyword:仔猪
2024-08-23 21:52:21,829 - INFO    - keyword:商品猪
2024-08-23 21:52:21,842 - INFO    - keyword:学生
2024-08-23 21:52:21,842 - INFO    - keyword:学校
2024-08-23 21:52:21,842 - INFO    - keyword:家长
2024-08-23 21:52:21,842 - INFO    - keyword:刑案
2024-08-23 21:52:21,843 - INFO    - keyword:每日电讯
2024-08-23 21:52:21,843 - INFO    - keyword:舆情
2024-08-23 21:52:21,843 - INFO    - keyword:公众
2024-08-23 21:52:21,844 - INFO    - keyword:校方
2024-08-23 21:52:21,844 - INFO    - keyword:调查组
2024-08-23 21:52:21,845 - INFO    - keyword:成都市
2024-08-23 21:52:21,856 - INFO    - keyword:四十九中
2024-08-23 21:52:21,857 - INFO    - keyword:成华区
2024-08-23 21:52:21,857 - INFO    - keyword:学生
2024-08-23 21:52:21,858 - INFO    - keyword:调查组
2024-08-23 21:52:21,858 - INFO    - keyword:教育局
2024-08-23 21:52:21,858 - INFO    - keyword:成都
2024-08-23 21:52:21,859 - INFO    - keyword:学校
2024-08-23 21:52:21,859 - INFO    - keyword:刑事案件
2024-08-23 21:52:21,859 - INFO    - keyword:情况通报
2024-08-23 21:52:21,859 - INFO    - keyword:区委
2024-08-23 21:52:21,865 - INFO    - keyword:衢州市
2024-08-23 21:52:21,865 - INFO    - keyword:浙江
2024-08-23 21:52:21,865 - INFO    - keyword:阵雨
2024-08-23 21:52:21,865 - INFO    - keyword:常山
2024-08-23 21:52:21,866 - INFO    - keyword:消防
2024-08-23 21:52:21,866 - INFO    - keyword:暴雨
2024-08-23 21:52:21,867 - INFO    - keyword:救援
2024-08-23 21:52:21,867 - INFO    - keyword:浙江省
2024-08-23 21:52:21,867 - INFO    - keyword:强降水
2024-08-23 21:52:21,868 - INFO    - keyword:地区
2024-08-23 21:52:21,876 - INFO    - keyword:电瓶车
2024-08-23 21:52:21,877 - INFO    - keyword:伤者
2024-08-23 21:52:21,877 - INFO    - keyword:电梯
2024-08-23 21:52:21,877 - INFO    - keyword:婴儿
2024-08-23 21:52:21,878 - INFO    - keyword:小区
2024-08-23 21:52:21,878 - INFO    - keyword:成都
2024-08-23 21:52:21,878 - INFO    - keyword:新闻记者
2024-08-23 21:52:21,879 - INFO    - keyword:红星
2024-08-23 21:52:21,879 - INFO    - keyword:画面
2024-08-23 21:52:21,879 - INFO    - keyword:监控
2024-08-23 21:52:21,915 - INFO    - keyword:比利
2024-08-23 21:52:21,916 - INFO    - keyword:球队
2024-08-23 21:52:21,916 - INFO    - keyword:比赛
2024-08-23 21:52:21,917 - INFO    - keyword:球员
2024-08-23 21:52:21,917 - INFO    - keyword:后卫
2024-08-23 21:52:21,917 - INFO    - keyword:进球
2024-08-23 21:52:21,918 - INFO    - keyword:中场
2024-08-23 21:52:21,918 - INFO    - keyword:两连胜
2024-08-23 21:52:21,918 - INFO    - keyword:两连败
2024-08-23 21:52:21,919 - INFO    - keyword:主帅
2024-08-23 21:52:21,937 - INFO    - keyword:野生动物
2024-08-23 21:52:21,938 - INFO    - keyword:杭州
2024-08-23 21:52:21,938 - INFO    - keyword:追豹
2024-08-23 21:52:21,939 - INFO    - keyword:客流量
2024-08-23 21:52:21,939 - INFO    - keyword:世界
2024-08-23 21:52:21,939 - INFO    - keyword:公司
2024-08-23 21:52:21,939 - INFO    - keyword:隔离区
2024-08-23 21:52:21,940 - INFO    - keyword:海报设计
2024-08-23 21:52:21,940 - INFO    - keyword:事件
2024-08-23 21:52:21,955 - INFO    - keyword:人口
2024-08-23 21:52:21,955 - INFO    - keyword:全国
2024-08-23 21:52:21,956 - INFO    - keyword:人口普查
2024-08-23 21:52:21,956 - INFO    - keyword:增长率
2024-08-23 21:52:21,957 - INFO    - keyword:性别比
2024-08-23 21:52:21,957 - INFO    - keyword:数据
2024-08-23 21:52:21,957 - INFO    - keyword:总人口
2024-08-23 21:52:21,957 - INFO    - keyword:通报
2024-08-23 21:52:21,960 - INFO    - keyword:人口普查
2024-08-23 21:52:21,960 - INFO    - keyword:全国
2024-08-23 21:52:21,961 - INFO    - keyword:人口
2024-08-23 21:52:21,988 - INFO    - keyword:收报
2024-08-23 21:52:21,989 - INFO    - keyword:恒指
2024-08-23 21:52:21,989 - INFO    - keyword:跌幅
2024-08-23 21:52:21,990 - INFO    - keyword:标普
2024-08-23 21:52:21,990 - INFO    - keyword:美团
2024-08-23 21:52:21,991 - INFO    - keyword:走势
2024-08-23 21:52:21,991 - INFO    - keyword:腾讯
2024-08-23 21:52:21,992 - INFO    - keyword:港股
2024-08-23 21:52:21,992 - INFO    - keyword:股份
2024-08-23 21:52:21,992 - INFO    - keyword:经济
2024-08-23 21:52:21,999 - INFO    - keyword:路由器
2024-08-23 21:52:21,999 - INFO    - keyword:芯片
2024-08-23 21:52:22,000 - INFO    - keyword:电子产品
2024-08-23 21:52:22,000 - INFO    - keyword:疫情
2024-08-23 21:52:22,000 - INFO    - keyword:销量
2024-08-23 21:52:22,001 - INFO    - keyword:记者
2024-08-23 21:52:22,001 - INFO    - keyword:企业
2024-08-23 21:52:22,001 - INFO    - keyword:平台
2024-08-23 21:52:22,002 - INFO    - keyword:电商
2024-08-23 21:52:22,002 - INFO    - keyword:换机
2024-08-23 21:52:22,031 - INFO    - keyword:销量
2024-08-23 21:52:22,032 - INFO    - keyword:汽车
2024-08-23 21:52:22,033 - INFO    - keyword:项目
2024-08-23 21:52:22,033 - INFO    - keyword:模块
2024-08-23 21:52:22,033 - INFO    - keyword:咸阳
2024-08-23 21:52:22,034 - INFO    - keyword:摄像头
2024-08-23 21:52:22,034 - INFO    - keyword:水务
2024-08-23 21:52:22,034 - INFO    - keyword:经营期
2024-08-23 21:52:22,035 - INFO    - keyword:吉利
2024-08-23 21:52:22,035 - INFO    - keyword:领克
2024-08-23 21:52:22,059 - INFO    - keyword:奖号
2024-08-23 21:52:22,060 - INFO    - keyword:期奖号
2024-08-23 21:52:22,060 - INFO    - keyword:奇偶比
2024-08-23 21:52:22,061 - INFO    - keyword:历年
2024-08-23 21:52:22,061 - INFO    - keyword:号码
2024-08-23 21:52:22,062 - INFO    - keyword:奇号
2024-08-23 21:52:22,062 - INFO    - keyword:三码
2024-08-23 21:52:22,063 - INFO    - keyword:大号
2024-08-23 21:52:22,063 - INFO    - keyword:复式
2024-08-23 21:52:22,064 - INFO    - keyword:次数
2024-08-23 21:52:22,077 - INFO    - keyword:电力
2024-08-23 21:52:22,077 - INFO    - keyword:用电
2024-08-23 21:52:22,078 - INFO    - keyword:能源
2024-08-23 21:52:22,078 - INFO    - keyword:华银
2024-08-23 21:52:22,078 - INFO    - keyword:长源
2024-08-23 21:52:22,079 - INFO    - keyword:场景
2024-08-23 21:52:22,079 - INFO    - keyword:新一轮
2024-08-23 21:52:22,079 - INFO    - keyword:供给
2024-08-23 21:52:22,080 - INFO    - keyword:痛点
2024-08-23 21:52:22,080 - INFO    - keyword:研报
2024-08-23 21:52:22,098 - INFO    - keyword:创指
2024-08-23 21:52:22,099 - INFO    - keyword:数字
2024-08-23 21:52:22,099 - INFO    - keyword:钛白粉
2024-08-23 21:52:22,099 - INFO    - keyword:板块
2024-08-23 21:52:22,100 - INFO    - keyword:钢铁
2024-08-23 21:52:22,100 - INFO    - keyword:煤炭
2024-08-23 21:52:22,100 - INFO    - keyword:设备
2024-08-23 21:52:22,101 - INFO    - keyword:概念
2024-08-23 21:52:22,101 - INFO    - keyword:资源
2024-08-23 21:52:22,101 - INFO    - keyword:货币
2024-08-23 21:52:22,123 - INFO    - keyword:印度
2024-08-23 21:52:22,124 - INFO    - keyword:疫苗
2024-08-23 21:52:22,124 - INFO    - keyword:网友
2024-08-23 21:52:22,125 - INFO    - keyword:抗疫
2024-08-23 21:52:22,125 - INFO    - keyword:病例
2024-08-23 21:52:22,126 - INFO    - keyword:数据
2024-08-23 21:52:22,126 - INFO    - keyword:印方
2024-08-23 21:52:22,127 - INFO    - keyword:德里
2024-08-23 21:52:22,127 - INFO    - keyword:意义
2024-08-23 21:52:22,128 - INFO    - keyword:全球
2024-08-23 21:52:22,179 - INFO    - keyword:人口
2024-08-23 21:52:22,179 - INFO    - keyword:流动人口
2024-08-23 21:52:22,180 - INFO    - keyword:全国
2024-08-23 21:52:22,181 - INFO    - keyword:比重
2024-08-23 21:52:22,181 - INFO    - keyword:地区
2024-08-23 21:52:22,181 - INFO    - keyword:人口普查
2024-08-23 21:52:22,182 - INFO    - keyword:集体户
2024-08-23 21:52:22,182 - INFO    - keyword:性别比
2024-08-23 21:52:22,183 - INFO    - keyword:人户
2024-08-23 21:52:22,183 - INFO    - keyword:内人户
2024-08-23 21:52:22,191 - INFO    - keyword:人口普查
2024-08-23 21:52:22,191 - INFO    - keyword:人口
2024-08-23 21:52:22,192 - INFO    - keyword:海报设计
2024-08-23 21:52:22,192 - INFO    - keyword:轶群
2024-08-23 21:52:22,193 - INFO    - keyword:全国
2024-08-23 21:52:22,193 - INFO    - keyword:快报
2024-08-23 21:52:22,194 - INFO    - keyword:总人口
2024-08-23 21:52:22,194 - INFO    - keyword:结果显示
2024-08-23 21:52:22,198 - INFO    - keyword:改口
2024-08-23 21:52:22,198 - INFO    - keyword:东京
2024-08-23 21:52:22,199 - INFO    - keyword:决定权
2024-08-23 21:52:22,199 - INFO    - keyword:日本首相
2024-08-23 21:52:22,222 - INFO    - keyword:奖号
2024-08-23 21:52:22,222 - INFO    - keyword:号码
2024-08-23 21:52:22,222 - INFO    - keyword:奇偶比
2024-08-23 21:52:22,223 - INFO    - keyword:期奖号
2024-08-23 21:52:22,223 - INFO    - keyword:体彩
2024-08-23 21:52:22,224 - INFO    - keyword:复式
2024-08-23 21:52:22,224 - INFO    - keyword:期暗
2024-08-23 21:52:22,225 - INFO    - keyword:重号
2024-08-23 21:52:22,225 - INFO    - keyword:扫码
2024-08-23 21:52:22,225 - INFO    - keyword:中过
2024-08-23 21:52:22,265 - INFO    - keyword:东易
2024-08-23 21:52:22,266 - INFO    - keyword:碳达峰
2024-08-23 21:52:22,266 - INFO    - keyword:家装
2024-08-23 21:52:22,266 - INFO    - keyword:日盛
2024-08-23 21:52:22,267 - INFO    - keyword:数字化
2024-08-23 21:52:22,267 - INFO    - keyword:装配式
2024-08-23 21:52:22,267 - INFO    - keyword:绿色
2024-08-23 21:52:22,268 - INFO    - keyword:发展
2024-08-23 21:52:22,268 - INFO    - keyword:企业
2024-08-23 21:52:22,268 - INFO    - keyword:建筑
2024-08-23 21:52:22,282 - INFO    - keyword:号码
2024-08-23 21:52:22,283 - INFO    - keyword:奖号
2024-08-23 21:52:22,283 - INFO    - keyword:次数
2024-08-23 21:52:22,284 - INFO    - keyword:期白姐
2024-08-23 21:52:22,284 - INFO    - keyword:期奖号
2024-08-23 21:52:22,285 - INFO    - keyword:路奖
2024-08-23 21:52:22,285 - INFO    - keyword:期荐号
2024-08-23 21:52:22,285 - INFO    - keyword:扫码
2024-08-23 21:52:22,286 - INFO    - keyword:中过
2024-08-23 21:52:22,286 - INFO    - keyword:体彩
2024-08-23 21:52:22,297 - INFO    - keyword:出售
2024-08-23 21:52:22,298 - INFO    - keyword:股份
2024-08-23 21:52:22,298 - INFO    - keyword:创始人
2024-08-23 21:52:22,298 - INFO    - keyword:文件
2024-08-23 21:52:22,299 - INFO    - keyword:上周五
2024-08-23 21:52:22,299 - INFO    - keyword:收益
2024-08-23 21:52:22,299 - INFO    - keyword:零头
2024-08-23 21:52:22,300 - INFO    - keyword:福布斯
2024-08-23 21:52:22,300 - INFO    - keyword:据估计
2024-08-23 21:52:22,361 - INFO    - keyword:球队
2024-08-23 21:52:22,362 - INFO    - keyword:球员
2024-08-23 21:52:22,362 - INFO    - keyword:北京国安
2024-08-23 21:52:22,362 - INFO    - keyword:首胜
2024-08-23 21:52:22,363 - INFO    - keyword:津门虎
2024-08-23 21:52:22,363 - INFO    - keyword:后腰
2024-08-23 21:52:22,364 - INFO    - keyword:开局
2024-08-23 21:52:22,364 - INFO    - keyword:对阵
2024-08-23 21:52:22,364 - INFO    - keyword:球迷
2024-08-23 21:52:22,365 - INFO    - keyword:比赛
2024-08-23 21:52:22,380 - INFO    - keyword:钛白粉
2024-08-23 21:52:22,381 - INFO    - keyword:金浦
2024-08-23 21:52:22,381 - INFO    - keyword:钛业
2024-08-23 21:52:22,381 - INFO    - keyword:客户
2024-08-23 21:52:22,382 - INFO    - keyword:研报
2024-08-23 21:52:22,382 - INFO    - keyword:龙蟒
2024-08-23 21:52:22,383 - INFO    - keyword:销售价格
2024-08-23 21:52:22,383 - INFO    - keyword:涨价
2024-08-23 21:52:22,383 - INFO    - keyword:价格
2024-08-23 21:52:22,384 - INFO    - keyword:挖掘潜力
2024-08-23 21:52:22,402 - INFO    - keyword:号码
2024-08-23 21:52:22,402 - INFO    - keyword:期奖号
2024-08-23 21:52:22,403 - INFO    - keyword:老刀
2024-08-23 21:52:22,403 - INFO    - keyword:合数
2024-08-23 21:52:22,404 - INFO    - keyword:开奖
2024-08-23 21:52:22,404 - INFO    - keyword:偶数
2024-08-23 21:52:22,404 - INFO    - keyword:次数
2024-08-23 21:52:22,404 - INFO    - keyword:轮空
2024-08-23 21:52:22,405 - INFO    - keyword:质数
2024-08-23 21:52:22,405 - INFO    - keyword:奖号
2024-08-23 21:52:22,410 - INFO    - keyword:网民
2024-08-23 21:52:22,410 - INFO    - keyword:疫情
2024-08-23 21:52:22,411 - INFO    - keyword:印度
2024-08-23 21:52:22,411 - INFO    - keyword:测试
2024-08-23 21:52:22,411 - INFO    - keyword:通讯部
2024-08-23 21:52:22,412 - INFO    - keyword:谣传
2024-08-23 21:52:22,412 - INFO    - keyword:官方
2024-08-23 21:52:22,412 - INFO    - keyword:信号
2024-08-23 21:52:22,413 - INFO    - keyword:热议
2024-08-23 21:52:22,413 - INFO    - keyword:传谣
2024-08-23 21:52:22,427 - INFO    - keyword:人口
2024-08-23 21:52:22,428 - INFO    - keyword:态势
2024-08-23 21:52:22,428 - INFO    - keyword:增长率
2024-08-23 21:52:22,428 - INFO    - keyword:数据
2024-08-23 21:52:22,429 - INFO    - keyword:通报
2024-08-23 21:52:22,429 - INFO    - keyword:局长
2024-08-23 21:52:22,429 - INFO    - keyword:全国
2024-08-23 21:52:22,476 - INFO    - keyword:恒指
2024-08-23 21:52:22,476 - INFO    - keyword:收报
2024-08-23 21:52:22,476 - INFO    - keyword:平台
2024-08-23 21:52:22,477 - INFO    - keyword:汽车
2024-08-23 21:52:22,478 - INFO    - keyword:领克
2024-08-23 21:52:22,478 - INFO    - keyword:督查
2024-08-23 21:52:22,478 - INFO    - keyword:合资
2024-08-23 21:52:22,479 - INFO    - keyword:复星
2024-08-23 21:52:22,479 - INFO    - keyword:销量
2024-08-23 21:52:22,479 - INFO    - keyword:走势
2024-08-23 21:52:22,535 - INFO    - keyword:美团
2024-08-23 21:52:22,536 - INFO    - keyword:骑手
2024-08-23 21:52:22,536 - INFO    - keyword:消费者
2024-08-23 21:52:22,536 - INFO    - keyword:北水
2024-08-23 21:52:22,536 - INFO    - keyword:内资
2024-08-23 21:52:22,536 - INFO    - keyword:劳动
2024-08-23 21:52:22,537 - INFO    - keyword:社会保险
2024-08-23 21:52:22,538 - INFO    - keyword:商户
2024-08-23 21:52:22,538 - INFO    - keyword:消保
2024-08-23 21:52:22,548 - INFO    - keyword:人口
2024-08-23 21:52:22,548 - INFO    - keyword:人口普查
2024-08-23 21:52:22,548 - INFO    - keyword:全国
2024-08-23 21:52:22,549 - INFO    - keyword:台湾地区
2024-08-23 21:52:22,549 - INFO    - keyword:直辖市
2024-08-23 21:52:22,549 - INFO    - keyword:澳门特别行政区
2024-08-23 21:52:22,549 - INFO    - keyword:现役军人
2024-08-23 21:52:22,550 - INFO    - keyword:人口数
2024-08-23 21:52:22,550 - INFO    - keyword:自治区
2024-08-23 21:52:22,551 - INFO    - keyword:集体户
2024-08-23 21:52:22,560 - INFO    - keyword:人口普查
2024-08-23 21:52:22,560 - INFO    - keyword:人口
2024-08-23 21:52:22,560 - INFO    - keyword:性别
2024-08-23 21:52:22,561 - INFO    - keyword:省份
2024-08-23 21:52:22,561 - INFO    - keyword:全国
2024-08-23 21:52:22,562 - INFO    - keyword:性别比
2024-08-23 21:52:22,562 - INFO    - keyword:公报
2024-08-23 21:52:22,562 - INFO    - keyword:直辖市
2024-08-23 21:52:22,562 - INFO    - keyword:自治区
2024-08-23 21:52:22,563 - INFO    - keyword:现役军人
2024-08-23 21:52:22,569 - INFO    - keyword:家庭
2024-08-23 21:52:22,570 - INFO    - keyword:集体户
2024-08-23 21:52:22,570 - INFO    - keyword:数据
2024-08-23 21:52:22,571 - INFO    - keyword:全国
2024-08-23 21:52:22,571 - INFO    - keyword:人口
2024-08-23 21:52:22,571 - INFO    - keyword:北京日报
2024-08-23 21:52:22,572 - INFO    - keyword:客户端
2024-08-23 21:52:22,572 - INFO    - keyword:人口普查
2024-08-23 21:52:22,573 - INFO    - keyword:发布会
2024-08-23 21:52:22,597 - INFO    - keyword:号码
2024-08-23 21:52:22,597 - INFO    - keyword:奖号
2024-08-23 21:52:22,598 - INFO    - keyword:开奖
2024-08-23 21:52:22,598 - INFO    - keyword:比例
2024-08-23 21:52:22,598 - INFO    - keyword:历史
2024-08-23 21:52:22,599 - INFO    - keyword:奇偶
2024-08-23 21:52:22,599 - INFO    - keyword:奇偶比
2024-08-23 21:52:22,599 - INFO    - keyword:胆码
2024-08-23 21:52:22,600 - INFO    - keyword:振幅
2024-08-23 21:52:22,600 - INFO    - keyword:点位
2024-08-23 21:52:22,610 - INFO    - keyword:热码
2024-08-23 21:52:22,610 - INFO    - keyword:遗漏
2024-08-23 21:52:22,610 - INFO    - keyword:号码
2024-08-23 21:52:22,611 - INFO    - keyword:冷码
2024-08-23 21:52:22,611 - INFO    - keyword:定位
2024-08-23 21:52:22,611 - INFO    - keyword:活跃
2024-08-23 21:52:22,612 - INFO    - keyword:奖号
2024-08-23 21:52:22,612 - INFO    - keyword:期奖号
2024-08-23 21:52:22,612 - INFO    - keyword:中位
2024-08-23 21:52:22,613 - INFO    - keyword:扫码
2024-08-23 21:52:22,632 - INFO    - keyword:人口
2024-08-23 21:52:22,633 - INFO    - keyword:流动人口
2024-08-23 21:52:22,633 - INFO    - keyword:人口普查
2024-08-23 21:52:22,633 - INFO    - keyword:人户
2024-08-23 21:52:22,634 - INFO    - keyword:内人户
2024-08-23 21:52:22,634 - INFO    - keyword:全国
2024-08-23 21:52:22,635 - INFO    - keyword:市辖区
2024-08-23 21:52:22,636 - INFO    - keyword:城乡
2024-08-23 21:52:22,636 - INFO    - keyword:直辖市
2024-08-23 21:52:22,636 - INFO    - keyword:公报
2024-08-23 21:52:22,639 - INFO    - keyword:东北地区
2024-08-23 21:52:22,640 - INFO    - keyword:地区
2024-08-23 21:52:22,640 - INFO    - keyword:人口
2024-08-23 21:52:22,641 - INFO    - keyword:人口普查
2024-08-23 21:52:22,641 - INFO    - keyword:数据
2024-08-23 21:52:22,641 - INFO    - keyword:城市群
2024-08-23 21:52:22,642 - INFO    - keyword:比重
2024-08-23 21:52:22,642 - INFO    - keyword:区域
2024-08-23 21:52:22,654 - INFO    - keyword:人口
2024-08-23 21:52:22,654 - INFO    - keyword:人口普查
2024-08-23 21:52:22,655 - INFO    - keyword:省份
2024-08-23 21:52:22,655 - INFO    - keyword:全国
2024-08-23 21:52:22,655 - INFO    - keyword:比重
2024-08-23 21:52:22,656 - INFO    - keyword:年龄
2024-08-23 21:52:22,656 - INFO    - keyword:公报
2024-08-23 21:52:22,657 - INFO    - keyword:直辖市
2024-08-23 21:52:22,657 - INFO    - keyword:自治区
2024-08-23 21:52:22,657 - INFO    - keyword:现役军人
2024-08-23 21:52:22,683 - INFO    - keyword:奖号
2024-08-23 21:52:22,684 - INFO    - keyword:跨度
2024-08-23 21:52:22,684 - INFO    - keyword:奇偶比
2024-08-23 21:52:22,685 - INFO    - keyword:号码
2024-08-23 21:52:22,685 - INFO    - keyword:期数
2024-08-23 21:52:22,686 - INFO    - keyword:历史
2024-08-23 21:52:22,686 - INFO    - keyword:历年
2024-08-23 21:52:22,686 - INFO    - keyword:太阳
2024-08-23 21:52:22,687 - INFO    - keyword:奇偶
2024-08-23 21:52:22,687 - INFO    - keyword:期奖号
2024-08-23 21:52:22,691 - INFO    - 关键词获取完毕，数据写入路径 Recommend/data/keywords
